2025-04-09 16:11:26,440 - INFO - Running Command: .\main.py.\data\Graph_ganzgross.txt
2025-04-09 16:11:27,732 - INFO - Read Graph Time: 1290.82ms
2025-04-09 16:11:28,439 - INFO - Component Count Time: 671.21ms
2025-04-09 16:11:28,439 - INFO - Components: 9560
2025-04-09 16:11:28,440 - INFO - Total Time: 1998.41ms
2025-04-09 16:11:51,013 - INFO - Running Command: .\main.py.\data\Graph_ganzgross.txt
2025-04-09 16:11:52,286 - INFO - Read Graph Time: 1272.61ms
2025-04-09 16:11:52,975 - INFO - Component Count Time: 653.73ms
2025-04-09 16:11:52,975 - INFO - Components: 9560
2025-04-09 16:11:52,976 - INFO - Total Time: 1962.61ms
2025-04-09 16:12:43,256 - INFO - Running Command: .\main.py.\data\Graph_ganzgross.txt
2025-04-09 16:12:44,600 - INFO - Read Graph Time: 1344.46ms
2025-04-09 16:12:45,347 - INFO - Component Count Time: 709.87ms
2025-04-09 16:12:45,348 - INFO - Components: 9560
2025-04-09 16:12:45,348 - INFO - Total Time: 2091.98ms
2025-04-09 16:12:45,348 - INFO - ====================
2025-04-09 16:13:00,761 - INFO - Running Command: .\main.py.\data\Graph_ganzgross.txt
2025-04-09 16:13:02,093 - INFO - Read Graph Time: 1331.26ms
2025-04-09 16:13:02,839 - INFO - Component Count Time: 683.39ms
2025-04-09 16:13:02,839 - INFO - Components: 9560
2025-04-09 16:13:02,839 - INFO - Total Time: 2077.48ms
2025-04-09 16:13:02,839 - INFO - ==================================================
2025-04-09 16:14:36,165 - INFO - Running Command: .\main.py.\data\Graph_ganzgross.txt
2025-04-09 16:14:37,446 - INFO - Read Graph Time: 1280.371799992281ms
2025-04-09 16:14:38,135 - INFO - Component Count Time: 655.5633999960264ms
2025-04-09 16:14:38,136 - INFO - Components: 9560
2025-04-09 16:14:38,136 - INFO - Total Time: 1970.691300011822ms
2025-04-09 16:14:38,136 - INFO - ==================================================
2025-04-09 16:15:29,950 - INFO - Running Command: .\main.py.\data\Graph_ganzgross.txt
2025-04-09 16:15:31,224 - INFO - Read Graph Time: 1273.1ms
2025-04-09 16:15:31,902 - INFO - Component Count Time: 643.8ms
2025-04-09 16:15:31,902 - INFO - Components: 9560
2025-04-09 16:15:31,902 - INFO - Total Time: 1951.8ms
2025-04-09 16:15:31,902 - INFO - ==================================================
2025-04-09 16:16:59,901 - INFO - Running Command: .\main.py.\data\Graph_ganzgross.txt
2025-04-09 16:17:01,177 - INFO - Read Graph Time: 1275.0ms
2025-04-09 16:17:01,865 - INFO - Component Count Time: 652.9ms
2025-04-09 16:17:01,865 - INFO - Components: 9560
2025-04-09 16:17:01,865 - INFO - Total Time: 1963.4ms
2025-04-09 16:17:01,865 - INFO - ==================================================
2025-04-09 16:18:01,844 - INFO - Running Command: .\main.py.\data\Graph_ganzganzgross.txt
2025-04-09 16:18:07,497 - INFO - Read Graph Time: 5652.3ms
2025-04-09 16:18:10,022 - INFO - Component Count Time: 2379.3ms
2025-04-09 16:18:10,023 - INFO - Components: 306
2025-04-09 16:18:10,023 - INFO - Total Time: 8178.6ms
2025-04-09 16:18:10,023 - INFO - ==================================================
2025-04-09 16:20:02,989 - INFO - Running Command: .\main.py.\data\Graph_ganzganzgross.txt
2025-04-09 16:20:12,604 - INFO - Read Graph Time: 9614.1ms
2025-04-09 16:20:16,234 - INFO - Component Count Time: 3497.1ms
2025-04-09 16:20:16,235 - INFO - Components: 306
2025-04-09 16:20:16,235 - INFO - Total Time: 13245.8ms
2025-04-09 16:20:16,235 - INFO - ==================================================
2025-04-09 16:25:39,249 - INFO - Running Command: .\main.py.\data\Graph_ganzganzgross.txt
2025-04-09 16:25:44,866 - INFO - Read Graph Time: 5615.7ms
2025-04-09 16:26:03,191 - INFO - Component Count Time: 18193.9ms
2025-04-09 16:26:03,192 - INFO - Components: 306
2025-04-09 16:26:03,192 - INFO - Total Time: 23942.4ms
2025-04-09 16:26:03,192 - INFO - ==================================================
2025-04-09 16:29:52,090 - INFO - Running Command: .\main.py.\data\Graph_gross.txt
2025-04-09 16:29:52,377 - INFO - Read Graph Time: 285.9ms
2025-04-09 16:29:53,786 - INFO - Component Count Time: 1399.1ms
2025-04-09 16:29:53,786 - INFO - Components: 222
2025-04-09 16:29:53,786 - INFO - Total Time: 1696.0ms
2025-04-09 16:29:53,786 - INFO - ==================================================
2025-04-09 16:30:08,533 - INFO - Running Command: .\main.py.\data\Graph_gross.txt
2025-04-09 16:30:08,819 - INFO - Read Graph Time: 285.9ms
2025-04-09 16:30:10,219 - INFO - Component Count Time: 1387.6ms
2025-04-09 16:30:10,219 - INFO - Components: 222
2025-04-09 16:30:10,219 - INFO - Total Time: 1686.0ms
2025-04-09 16:30:10,220 - INFO - ==================================================
2025-04-09 16:30:14,809 - INFO - Running Command: .\main.py.\data\Graph_gross.txt
2025-04-09 16:30:15,095 - INFO - Read Graph Time: 285.3ms
2025-04-09 16:30:16,524 - INFO - Component Count Time: 1418.8ms
2025-04-09 16:30:16,525 - INFO - Components: 222
2025-04-09 16:30:16,525 - INFO - Total Time: 1715.6ms
2025-04-09 16:30:16,525 - INFO - ==================================================
2025-04-09 16:30:19,900 - INFO - Running Command: .\main.py.\data\Graph_gross.txt
2025-04-09 16:30:20,183 - INFO - Read Graph Time: 282.2ms
2025-04-09 16:30:21,685 - INFO - Component Count Time: 1489.9ms
2025-04-09 16:30:21,685 - INFO - Components: 222
2025-04-09 16:30:21,685 - INFO - Total Time: 1783.9ms
2025-04-09 16:30:21,685 - INFO - ==================================================
2025-04-09 16:30:31,870 - INFO - Running Command: .\main.py.\data\Graph_gross.txt
2025-04-09 16:30:32,150 - INFO - Read Graph Time: 280.1ms
2025-04-09 16:30:33,525 - INFO - Component Count Time: 1363.4ms
2025-04-09 16:30:33,526 - INFO - Components: 222
2025-04-09 16:30:33,526 - INFO - Total Time: 1656.2ms
2025-04-09 16:30:33,527 - INFO - ==================================================
2025-04-09 16:30:39,400 - INFO - Running Command: .\main.py.\data\Graph_gross.txt
2025-04-09 16:30:39,683 - INFO - Read Graph Time: 282.1ms
2025-04-09 16:30:41,097 - INFO - Component Count Time: 1403.0ms
2025-04-09 16:30:41,098 - INFO - Components: 222
2025-04-09 16:30:41,098 - INFO - Total Time: 1697.4ms
2025-04-09 16:30:41,098 - INFO - ==================================================
2025-04-09 16:50:16,440 - INFO - Running Command: .\main.py.\data\Graph_ganzganzgross.txt
2025-04-09 16:50:22,285 - INFO - Read Graph Time: 5845.1ms
2025-04-09 16:50:24,673 - INFO - Component Count Time: 2239.7ms
2025-04-09 16:50:24,673 - INFO - Components: 306
2025-04-09 16:50:24,673 - INFO - Total Time: 8233.1ms
2025-04-09 16:50:24,673 - INFO - ==================================================
2025-04-09 16:50:49,452 - INFO - Running Command: .\main.py.\data\Graph_ganzgross.txt
2025-04-09 16:50:50,743 - INFO - Read Graph Time: 1291.5ms
2025-04-09 16:50:51,426 - INFO - Component Count Time: 649.0ms
2025-04-09 16:50:51,426 - INFO - Components: 9560
2025-04-09 16:50:51,427 - INFO - Total Time: 1974.8ms
2025-04-09 16:50:51,427 - INFO - ==================================================
2025-04-09 17:06:43,938 - INFO - Running Command: .\main.py.\data\Graph_ganzganzgross.txt
2025-04-09 17:06:49,501 - INFO - Read Graph Time: 5561.2ms
2025-04-09 17:07:06,809 - INFO - Component Count Time: 17171.6ms
2025-04-09 17:07:06,810 - INFO - Components: 306
2025-04-09 17:07:06,810 - INFO - Total Time: 22871.4ms
2025-04-09 17:07:06,810 - INFO - ==================================================
2025-04-09 17:19:11,545 - INFO - Running Command: .\main.py.\data\Graph_ganzganzgross.txt
2025-04-09 17:19:17,165 - INFO - Read Graph Time: 5620.8ms
2025-04-09 17:19:19,488 - INFO - Component Count Time: 2189.1ms
2025-04-09 17:19:19,489 - INFO - Components: 306
2025-04-09 17:19:19,489 - INFO - Total Time: 7943.6ms
2025-04-09 17:19:19,489 - INFO - ==================================================
2025-04-09 17:19:29,565 - INFO - Running Command: .\main.py.\data\Graph_ganzganzgross.txt
2025-04-09 17:19:35,182 - INFO - Read Graph Time: 5616.0ms
2025-04-09 17:19:37,491 - INFO - Component Count Time: 2175.6ms
2025-04-09 17:19:37,491 - INFO - Components: 306
2025-04-09 17:19:37,491 - INFO - Total Time: 7925.0ms
2025-04-09 17:19:37,491 - INFO - ==================================================
2025-04-09 17:40:18,960 - INFO - Running Command: .\main.py.\data\Graph_ganzganzgross.txt
2025-04-09 17:40:25,082 - INFO - Read Graph Time: 6121.3ms
2025-04-09 17:40:27,682 - INFO - Components: 306
2025-04-09 17:40:27,683 - INFO - Total Time: 8721.8ms
2025-04-09 17:40:27,683 - INFO - ==================================================
2025-04-09 17:41:26,834 - INFO - Running Command: .\main.py.\data\Graph_ganzganzgross.txt
2025-04-09 17:41:32,732 - INFO - Read Graph Time: 5898.0ms
2025-04-09 17:41:35,298 - INFO - DFS Component Count Time: 2413.2ms
2025-04-09 17:41:35,298 - INFO - Components: 306
2025-04-09 17:41:35,298 - INFO - Total Time: 8465.0ms
2025-04-09 17:41:35,298 - INFO - ==================================================
2025-04-09 17:42:08,494 - INFO - Running Command: .\main.py.\data\Graph_ganzgross.txt
2025-04-09 17:42:09,785 - INFO - Read Graph Time: 1290.3ms
2025-04-09 17:42:10,448 - INFO - DFS Component Count Time: 629.4ms
2025-04-09 17:42:10,448 - INFO - Components: 9560
2025-04-09 17:42:10,449 - INFO - Total Time: 1954.3ms
2025-04-09 17:42:10,449 - INFO - ==================================================
2025-04-10 11:25:20,451 - INFO - Running Command: .\main.py.\data\Graph_gross.txt
2025-04-10 11:25:20,688 - INFO - Read Graph Time: 235.8ms
2025-04-10 11:25:20,840 - INFO - DFS Component Count Time: 136.3ms
2025-04-10 11:25:20,841 - INFO - Components: 222
2025-04-10 11:25:20,841 - INFO - Total Time: 389.2ms
2025-04-10 11:25:20,841 - INFO - ==================================================
2025-04-10 12:45:35,294 - INFO - Running Command: .\main.py.\data\Graph1.txt
2025-04-10 12:45:35,301 - INFO - Read Graph Time: 6.3ms
2025-04-10 12:45:35,302 - INFO - DFS Component Count Time: 0.0ms
2025-04-10 12:45:35,302 - INFO - Components: 2
2025-04-10 12:45:35,302 - INFO - Total Time: 7.0ms
2025-04-10 12:45:35,302 - INFO - ==================================================
2025-04-10 12:53:16,712 - INFO - Running Command: C:\Users\abdul\VS Code\Malgo_Praktikum\Malgo_Praktikum\main.py.\data\Graph1.txt
2025-04-10 12:53:16,713 - INFO - Read Graph Time: 0.2ms
2025-04-10 12:53:16,714 - INFO - DFS Component Count Time: 0.0ms
2025-04-10 12:53:16,714 - INFO - Components: 2
2025-04-10 12:53:16,715 - INFO - Total Time: 1.6ms
2025-04-10 12:53:16,715 - INFO - ==================================================
2025-04-10 12:54:42,369 - INFO - Running Command: C:\Users\abdul\VS Code\Malgo_Praktikum\Malgo_Praktikum\main.py.\data\Graph1.txt
2025-04-10 12:54:42,370 - INFO - Read Graph Time: 0.2ms
2025-04-10 12:55:11,966 - INFO - Running Command: .\main.py.\data\Graph1.txt
2025-04-10 12:55:11,967 - INFO - Read Graph Time: 0.2ms
2025-04-10 12:55:11,967 - INFO - BFS Component Count Time: 0.0ms
2025-04-10 12:55:11,967 - INFO - Components: 2
2025-04-10 12:55:11,967 - INFO - Total Time: 1.1ms
2025-04-10 12:55:11,968 - INFO - ==================================================
2025-04-10 13:01:20,086 - INFO - Running Command: .\main.py.\data\Graph1.txt
2025-04-10 13:01:20,087 - INFO - Read Graph Time: 0.4ms
2025-04-10 13:01:20,088 - INFO - BFS Component Count Time: 0.2ms
2025-04-10 13:01:20,088 - INFO - Components: 2
2025-04-10 13:01:20,088 - INFO - Total Time: 1.6ms
2025-04-10 13:01:20,088 - INFO - ==================================================
2025-04-10 13:02:34,352 - INFO - Running Command: C:\Users\abdul\VS Code\Malgo_Praktikum\Malgo_Praktikum\main.py.\data\Custom_Graph.txt
2025-04-10 13:03:00,558 - INFO - Running Command: C:\Users\abdul\VS Code\Malgo_Praktikum\Malgo_Praktikum\main.py.\data\Custom_Graph.txt
2025-04-10 13:03:28,977 - INFO - Running Command: C:\Users\abdul\VS Code\Malgo_Praktikum\Malgo_Praktikum\main.py.\data\Custom_Graph.txt
2025-04-10 13:06:52,990 - INFO - Running Command: C:\Users\abdul\VS Code\Malgo_Praktikum\Malgo_Praktikum\main.py.\data\Custom_Graph.txt
2025-04-10 13:07:39,828 - INFO - Running Command: C:\Users\abdul\VS Code\Malgo_Praktikum\Malgo_Praktikum\main.py.\data\Custom_Graph.txt
2025-04-10 13:07:39,835 - INFO - Read Graph Time: 6.6ms
2025-04-10 13:07:39,836 - INFO - BFS Component Count Time: 0.0ms
2025-04-10 13:07:39,836 - INFO - Components: 2
2025-04-10 13:07:39,837 - INFO - Total Time: 8.5ms
2025-04-10 13:07:39,837 - INFO - ==================================================
2025-04-10 13:07:54,674 - INFO - Running Command: C:\Users\abdul\VS Code\Malgo_Praktikum\Malgo_Praktikum\main.py.\data\Custom_Graph.txt
2025-04-10 13:07:54,676 - INFO - Read Graph Time: 0.2ms
2025-04-10 13:20:22,195 - INFO - BFS Component Count Time: 747518.5ms
2025-04-10 13:20:22,196 - INFO - Components: 2
2025-04-10 13:20:22,197 - INFO - Total Time: 747521.4ms
2025-04-10 13:20:22,197 - INFO - ==================================================
2025-04-10 14:14:47,122 - INFO - Running Command: C:\Users\abdul\VS Code\Malgo_Praktikum\Malgo_Praktikum\main.py.\data\Graph1.txt
2025-04-10 14:14:47,124 - INFO - Read Graph Time: 0.3ms
2025-04-10 14:51:49,486 - INFO - Running Command: .\main.py.\data\Graph1.txt
2025-04-10 14:51:49,487 - INFO - Read Graph Time: 0.4ms
2025-04-10 14:51:49,487 - INFO - BFS Component Count Time: 0.0ms
2025-04-10 14:51:49,488 - INFO - Components: 2
2025-04-10 14:51:49,488 - INFO - Total Time: 1.0ms
2025-04-10 14:51:49,488 - INFO - ==================================================
2025-04-10 14:51:57,074 - INFO - Running Command: .\main.py.\data\Graph_ganzganzgross.txt
2025-04-10 14:52:01,698 - INFO - Read Graph Time: 4622.6ms
2025-04-10 14:52:03,899 - INFO - BFS Component Count Time: 2010.7ms
2025-04-10 14:52:03,900 - INFO - Components: 306
2025-04-10 14:52:03,902 - INFO - Total Time: 6825.1ms
2025-04-10 14:52:03,902 - INFO - ==================================================
2025-04-10 14:52:44,496 - INFO - Running Command: .\main.py.\data\Graph_ganzganzgross.txt
2025-04-10 14:52:48,843 - INFO - Read Graph Time: 4346.6ms
2025-04-10 14:52:50,982 - INFO - BFS Component Count Time: 1933.3ms
2025-04-10 14:52:50,983 - INFO - Components: 306
2025-04-10 14:52:50,983 - INFO - Total Time: 6487.1ms
2025-04-10 14:52:50,983 - INFO - ==================================================
2025-04-10 14:54:26,264 - INFO - Running Command: .\main.py.\data\Graph_ganzganzgross.txt
2025-04-10 14:54:30,980 - INFO - Read Graph Time: 4715.4ms
2025-04-10 14:54:33,266 - INFO - BFS Component Count Time: 2091.9ms
2025-04-10 14:54:33,266 - INFO - Components: 306
2025-04-10 14:54:33,267 - INFO - Total Time: 7002.0ms
2025-04-10 14:54:33,267 - INFO - ==================================================
2025-04-10 14:55:18,419 - INFO - Running Command: .\main.py.\data\Graph_ganzganzgross.txt
2025-04-10 14:55:22,886 - INFO - Read Graph Time: 4465.7ms
2025-04-10 14:55:42,669 - INFO - BFS Component Count Time: 19588.8ms
2025-04-10 14:55:42,670 - INFO - Components: 306
2025-04-10 14:55:42,671 - INFO - Total Time: 24250.6ms
2025-04-10 14:55:42,671 - INFO - ==================================================
2025-04-10 14:56:57,134 - INFO - Running Command: C:\Users\abdul\VS Code\Malgo_Praktikum\Malgo_Praktikum\main.py.\data\Graph1.txt
2025-04-10 14:56:57,135 - INFO - Read Graph Time: 0.3ms
2025-04-10 15:26:20,619 - INFO - Running Command: .\main.py.\data\Graph1.txt
2025-04-10 15:26:20,620 - INFO - Read Graph Time: 0.4ms
2025-04-10 15:26:20,620 - INFO - BFS Component Count Time: 0.4ms
2025-04-10 15:26:20,621 - INFO - Components: 15
2025-04-10 15:26:20,621 - INFO - Total Time: 1.3ms
2025-04-10 15:26:20,621 - INFO - ==================================================
2025-04-10 15:26:54,169 - INFO - Running Command: .\main.py.\data\Graph_ganzganzgross.txt
2025-04-10 15:27:02,903 - INFO - Read Graph Time: 8728.4ms
2025-04-10 15:27:05,340 - INFO - BFS Component Count Time: 595.9ms
2025-04-10 15:27:05,347 - INFO - Components: 1000000
2025-04-10 15:27:05,347 - INFO - Total Time: 11177.3ms
2025-04-10 15:27:05,347 - INFO - ==================================================
2025-04-10 15:28:34,152 - INFO - Running Command: .\main.py.\data\Graph1.txt
2025-04-10 15:28:34,153 - INFO - Read Graph Time: 0.4ms
2025-04-10 15:29:26,353 - INFO - Running Command: .\main.py.\data\Graph1.txt
2025-04-10 15:29:26,354 - INFO - Read Graph Time: 0.3ms
2025-04-10 15:30:03,108 - INFO - Running Command: .\main.py.\data\Graph1.txt
2025-04-10 15:30:03,111 - INFO - Read Graph Time: 0.2ms
2025-04-10 15:30:03,111 - INFO - BFS Component Count Time: 0.1ms
2025-04-10 15:30:03,111 - INFO - Components: 15
2025-04-10 15:30:03,112 - INFO - Total Time: 3.4ms
2025-04-10 15:30:03,112 - INFO - ==================================================
2025-04-10 15:30:11,102 - INFO - Running Command: .\main.py.\data\Graph1.txt
2025-04-10 15:30:11,102 - INFO - Read Graph Time: 0.2ms
2025-04-10 15:31:42,683 - INFO - Running Command: C:\Users\abdul\VS Code\Malgo_Praktikum\Malgo_Praktikum\main.py.\data\Graph1.txt
2025-04-10 15:31:42,685 - INFO - Read Graph Time: 0.3ms
2025-04-10 15:33:19,752 - INFO - Running Command: C:\Users\abdul\VS Code\Malgo_Praktikum\Malgo_Praktikum\main.py.\data\Graph1.txt
2025-04-10 15:33:19,754 - INFO - Read Graph Time: 0.2ms
2025-04-10 15:38:30,365 - INFO - Running Command: .\main.py.\data\Graph1.txt
2025-04-10 15:38:30,366 - INFO - Read Graph Time: 0.3ms
2025-04-10 15:38:30,366 - INFO - BFS Component Count Time: 0.0ms
2025-04-10 15:38:30,366 - INFO - Components: 2
2025-04-10 15:38:30,366 - INFO - Total Time: 1.1ms
2025-04-10 15:38:30,367 - INFO - ==================================================
2025-04-10 15:38:34,520 - INFO - Running Command: .\main.py.\data\Graph_ganzganzgross.txt
2025-04-10 15:38:40,657 - INFO - Read Graph Time: 6131.1ms
2025-04-10 15:38:43,509 - INFO - BFS Component Count Time: 2548.4ms
2025-04-10 15:38:43,522 - INFO - Components: 306
2025-04-10 15:38:43,523 - INFO - Total Time: 9001.5ms
2025-04-10 15:38:43,523 - INFO - ==================================================
2025-04-10 15:39:17,581 - INFO - Running Command: .\main.py.\data\Graph_ganzganzgross.txt
2025-04-10 15:39:23,601 - INFO - Read Graph Time: 6016.5ms
2025-04-10 15:39:46,186 - INFO - BFS Component Count Time: 22313.6ms
2025-04-10 15:39:46,198 - INFO - Components: 306
2025-04-10 15:39:46,199 - INFO - Total Time: 28616.8ms
2025-04-10 15:39:46,199 - INFO - ==================================================
2025-04-10 15:52:53,626 - INFO - Running Command: .\main.py.\data\Graph1.txt
2025-04-10 15:52:53,627 - INFO - Read Graph Time: 0.2ms
2025-04-10 15:52:53,627 - INFO - BFS Component Count Time: 0.0ms
2025-04-10 15:52:53,627 - INFO - Components: 15
2025-04-10 15:52:53,628 - INFO - Total Time: 1.0ms
2025-04-10 15:52:53,628 - INFO - ==================================================
2025-04-10 15:53:15,540 - INFO - Running Command: .\main.py.\data\Graph1.txt
2025-04-10 15:53:15,541 - INFO - Read Graph Time: 0.3ms
2025-04-10 15:53:15,542 - INFO - BFS Component Count Time: 0.1ms
2025-04-10 15:53:15,542 - INFO - Components: 2
2025-04-10 15:53:15,543 - INFO - Total Time: 1.7ms
2025-04-10 15:53:15,543 - INFO - ==================================================
2025-04-10 15:53:17,957 - INFO - Running Command: .\main.py.\data\Graph_ganzganzgross.txt
2025-04-10 15:53:22,442 - INFO - Read Graph Time: 4484.2ms
2025-04-10 15:53:40,315 - INFO - BFS Component Count Time: 17660.8ms
2025-04-10 15:53:40,318 - INFO - Components: 306
2025-04-10 15:53:40,319 - INFO - Total Time: 22361.2ms
2025-04-10 15:53:40,319 - INFO - ==================================================
2025-04-10 15:58:39,636 - INFO - Running Command: .\main.py.\data\Graph_ganzganzgross.txt
2025-04-10 15:58:44,354 - INFO - Read Graph Time: 4718.1ms
2025-04-10 15:59:13,247 - INFO - Running Command: .\main.py.\data\Graph_ganzganzgross.txt
2025-04-10 15:59:17,531 - INFO - Read Graph Time: 4283.0ms
2025-04-10 15:59:31,579 - INFO - Running Command: .\main.py.\data\Graph_ganzganzgross.txt
2025-04-10 15:59:35,775 - INFO - Read Graph Time: 4196.2ms
2025-04-10 15:59:38,928 - INFO - BFS Component Count Time: 2959.6ms
2025-04-10 15:59:38,962 - INFO - Components: 306
2025-04-10 15:59:38,963 - INFO - Total Time: 7383.4ms
2025-04-10 15:59:38,963 - INFO - ==================================================
2025-04-10 15:59:48,150 - INFO - Running Command: .\main.py.\data\Graph_ganzganzgross.txt
2025-04-10 15:59:52,576 - INFO - Read Graph Time: 4425.1ms
2025-04-10 15:59:55,948 - INFO - BFS Component Count Time: 3168.6ms
2025-04-10 15:59:55,982 - INFO - Components: 306
2025-04-10 15:59:55,983 - INFO - Total Time: 7832.3ms
2025-04-10 15:59:55,983 - INFO - ==================================================
2025-04-10 16:00:00,155 - INFO - Running Command: .\main.py.\data\Graph_ganzganzgross.txt
2025-04-10 16:00:04,638 - INFO - Read Graph Time: 4481.8ms
2025-04-10 16:00:08,059 - INFO - BFS Component Count Time: 3225.5ms
2025-04-10 16:00:08,096 - INFO - Components: 306
2025-04-10 16:00:08,096 - INFO - Total Time: 7939.9ms
2025-04-10 16:00:08,096 - INFO - ==================================================
