2025-04-09 16:11:26,440 - INFO - Running Command: .\main.py.\data\Graph_ganzgross.txt
2025-04-09 16:11:27,732 - INFO - Read Graph Time: 1290.82ms
2025-04-09 16:11:28,439 - INFO - Component Count Time: 671.21ms
2025-04-09 16:11:28,439 - INFO - Components: 9560
2025-04-09 16:11:28,440 - INFO - Total Time: 1998.41ms
2025-04-09 16:11:51,013 - INFO - Running Command: .\main.py.\data\Graph_ganzgross.txt
2025-04-09 16:11:52,286 - INFO - Read Graph Time: 1272.61ms
2025-04-09 16:11:52,975 - INFO - Component Count Time: 653.73ms
2025-04-09 16:11:52,975 - INFO - Components: 9560
2025-04-09 16:11:52,976 - INFO - Total Time: 1962.61ms
2025-04-09 16:12:43,256 - INFO - Running Command: .\main.py.\data\Graph_ganzgross.txt
2025-04-09 16:12:44,600 - INFO - Read Graph Time: 1344.46ms
2025-04-09 16:12:45,347 - INFO - Component Count Time: 709.87ms
2025-04-09 16:12:45,348 - INFO - Components: 9560
2025-04-09 16:12:45,348 - INFO - Total Time: 2091.98ms
2025-04-09 16:12:45,348 - INFO - ====================
2025-04-09 16:13:00,761 - INFO - Running Command: .\main.py.\data\Graph_ganzgross.txt
2025-04-09 16:13:02,093 - INFO - Read Graph Time: 1331.26ms
2025-04-09 16:13:02,839 - INFO - Component Count Time: 683.39ms
2025-04-09 16:13:02,839 - INFO - Components: 9560
2025-04-09 16:13:02,839 - INFO - Total Time: 2077.48ms
2025-04-09 16:13:02,839 - INFO - ==================================================
2025-04-09 16:14:36,165 - INFO - Running Command: .\main.py.\data\Graph_ganzgross.txt
2025-04-09 16:14:37,446 - INFO - Read Graph Time: 1280.371799992281ms
2025-04-09 16:14:38,135 - INFO - Component Count Time: 655.5633999960264ms
2025-04-09 16:14:38,136 - INFO - Components: 9560
2025-04-09 16:14:38,136 - INFO - Total Time: 1970.691300011822ms
2025-04-09 16:14:38,136 - INFO - ==================================================
2025-04-09 16:15:29,950 - INFO - Running Command: .\main.py.\data\Graph_ganzgross.txt
2025-04-09 16:15:31,224 - INFO - Read Graph Time: 1273.1ms
2025-04-09 16:15:31,902 - INFO - Component Count Time: 643.8ms
2025-04-09 16:15:31,902 - INFO - Components: 9560
2025-04-09 16:15:31,902 - INFO - Total Time: 1951.8ms
2025-04-09 16:15:31,902 - INFO - ==================================================
2025-04-09 16:16:59,901 - INFO - Running Command: .\main.py.\data\Graph_ganzgross.txt
2025-04-09 16:17:01,177 - INFO - Read Graph Time: 1275.0ms
2025-04-09 16:17:01,865 - INFO - Component Count Time: 652.9ms
2025-04-09 16:17:01,865 - INFO - Components: 9560
2025-04-09 16:17:01,865 - INFO - Total Time: 1963.4ms
2025-04-09 16:17:01,865 - INFO - ==================================================
2025-04-09 16:18:01,844 - INFO - Running Command: .\main.py.\data\Graph_ganzganzgross.txt
2025-04-09 16:18:07,497 - INFO - Read Graph Time: 5652.3ms
2025-04-09 16:18:10,022 - INFO - Component Count Time: 2379.3ms
2025-04-09 16:18:10,023 - INFO - Components: 306
2025-04-09 16:18:10,023 - INFO - Total Time: 8178.6ms
2025-04-09 16:18:10,023 - INFO - ==================================================
2025-04-09 16:20:02,989 - INFO - Running Command: .\main.py.\data\Graph_ganzganzgross.txt
2025-04-09 16:20:12,604 - INFO - Read Graph Time: 9614.1ms
2025-04-09 16:20:16,234 - INFO - Component Count Time: 3497.1ms
2025-04-09 16:20:16,235 - INFO - Components: 306
2025-04-09 16:20:16,235 - INFO - Total Time: 13245.8ms
2025-04-09 16:20:16,235 - INFO - ==================================================
2025-04-09 16:25:39,249 - INFO - Running Command: .\main.py.\data\Graph_ganzganzgross.txt
2025-04-09 16:25:44,866 - INFO - Read Graph Time: 5615.7ms
2025-04-09 16:26:03,191 - INFO - Component Count Time: 18193.9ms
2025-04-09 16:26:03,192 - INFO - Components: 306
2025-04-09 16:26:03,192 - INFO - Total Time: 23942.4ms
2025-04-09 16:26:03,192 - INFO - ==================================================
2025-04-09 16:29:52,090 - INFO - Running Command: .\main.py.\data\Graph_gross.txt
2025-04-09 16:29:52,377 - INFO - Read Graph Time: 285.9ms
2025-04-09 16:29:53,786 - INFO - Component Count Time: 1399.1ms
2025-04-09 16:29:53,786 - INFO - Components: 222
2025-04-09 16:29:53,786 - INFO - Total Time: 1696.0ms
2025-04-09 16:29:53,786 - INFO - ==================================================
2025-04-09 16:30:08,533 - INFO - Running Command: .\main.py.\data\Graph_gross.txt
2025-04-09 16:30:08,819 - INFO - Read Graph Time: 285.9ms
2025-04-09 16:30:10,219 - INFO - Component Count Time: 1387.6ms
2025-04-09 16:30:10,219 - INFO - Components: 222
2025-04-09 16:30:10,219 - INFO - Total Time: 1686.0ms
2025-04-09 16:30:10,220 - INFO - ==================================================
2025-04-09 16:30:14,809 - INFO - Running Command: .\main.py.\data\Graph_gross.txt
2025-04-09 16:30:15,095 - INFO - Read Graph Time: 285.3ms
2025-04-09 16:30:16,524 - INFO - Component Count Time: 1418.8ms
2025-04-09 16:30:16,525 - INFO - Components: 222
2025-04-09 16:30:16,525 - INFO - Total Time: 1715.6ms
2025-04-09 16:30:16,525 - INFO - ==================================================
2025-04-09 16:30:19,900 - INFO - Running Command: .\main.py.\data\Graph_gross.txt
2025-04-09 16:30:20,183 - INFO - Read Graph Time: 282.2ms
2025-04-09 16:30:21,685 - INFO - Component Count Time: 1489.9ms
2025-04-09 16:30:21,685 - INFO - Components: 222
2025-04-09 16:30:21,685 - INFO - Total Time: 1783.9ms
2025-04-09 16:30:21,685 - INFO - ==================================================
2025-04-09 16:30:31,870 - INFO - Running Command: .\main.py.\data\Graph_gross.txt
2025-04-09 16:30:32,150 - INFO - Read Graph Time: 280.1ms
2025-04-09 16:30:33,525 - INFO - Component Count Time: 1363.4ms
2025-04-09 16:30:33,526 - INFO - Components: 222
2025-04-09 16:30:33,526 - INFO - Total Time: 1656.2ms
2025-04-09 16:30:33,527 - INFO - ==================================================
2025-04-09 16:30:39,400 - INFO - Running Command: .\main.py.\data\Graph_gross.txt
2025-04-09 16:30:39,683 - INFO - Read Graph Time: 282.1ms
2025-04-09 16:30:41,097 - INFO - Component Count Time: 1403.0ms
2025-04-09 16:30:41,098 - INFO - Components: 222
2025-04-09 16:30:41,098 - INFO - Total Time: 1697.4ms
2025-04-09 16:30:41,098 - INFO - ==================================================
2025-04-09 16:50:16,440 - INFO - Running Command: .\main.py.\data\Graph_ganzganzgross.txt
2025-04-09 16:50:22,285 - INFO - Read Graph Time: 5845.1ms
2025-04-09 16:50:24,673 - INFO - Component Count Time: 2239.7ms
2025-04-09 16:50:24,673 - INFO - Components: 306
2025-04-09 16:50:24,673 - INFO - Total Time: 8233.1ms
2025-04-09 16:50:24,673 - INFO - ==================================================
2025-04-09 16:50:49,452 - INFO - Running Command: .\main.py.\data\Graph_ganzgross.txt
2025-04-09 16:50:50,743 - INFO - Read Graph Time: 1291.5ms
2025-04-09 16:50:51,426 - INFO - Component Count Time: 649.0ms
2025-04-09 16:50:51,426 - INFO - Components: 9560
2025-04-09 16:50:51,427 - INFO - Total Time: 1974.8ms
2025-04-09 16:50:51,427 - INFO - ==================================================
2025-04-09 17:06:43,938 - INFO - Running Command: .\main.py.\data\Graph_ganzganzgross.txt
2025-04-09 17:06:49,501 - INFO - Read Graph Time: 5561.2ms
2025-04-09 17:07:06,809 - INFO - Component Count Time: 17171.6ms
2025-04-09 17:07:06,810 - INFO - Components: 306
2025-04-09 17:07:06,810 - INFO - Total Time: 22871.4ms
2025-04-09 17:07:06,810 - INFO - ==================================================
2025-04-09 17:19:11,545 - INFO - Running Command: .\main.py.\data\Graph_ganzganzgross.txt
2025-04-09 17:19:17,165 - INFO - Read Graph Time: 5620.8ms
2025-04-09 17:19:19,488 - INFO - Component Count Time: 2189.1ms
2025-04-09 17:19:19,489 - INFO - Components: 306
2025-04-09 17:19:19,489 - INFO - Total Time: 7943.6ms
2025-04-09 17:19:19,489 - INFO - ==================================================
2025-04-09 17:19:29,565 - INFO - Running Command: .\main.py.\data\Graph_ganzganzgross.txt
2025-04-09 17:19:35,182 - INFO - Read Graph Time: 5616.0ms
2025-04-09 17:19:37,491 - INFO - Component Count Time: 2175.6ms
2025-04-09 17:19:37,491 - INFO - Components: 306
2025-04-09 17:19:37,491 - INFO - Total Time: 7925.0ms
2025-04-09 17:19:37,491 - INFO - ==================================================
2025-04-09 17:40:18,960 - INFO - Running Command: .\main.py.\data\Graph_ganzganzgross.txt
2025-04-09 17:40:25,082 - INFO - Read Graph Time: 6121.3ms
2025-04-09 17:40:27,682 - INFO - Components: 306
2025-04-09 17:40:27,683 - INFO - Total Time: 8721.8ms
2025-04-09 17:40:27,683 - INFO - ==================================================
2025-04-09 17:41:26,834 - INFO - Running Command: .\main.py.\data\Graph_ganzganzgross.txt
2025-04-09 17:41:32,732 - INFO - Read Graph Time: 5898.0ms
2025-04-09 17:41:35,298 - INFO - DFS Component Count Time: 2413.2ms
2025-04-09 17:41:35,298 - INFO - Components: 306
2025-04-09 17:41:35,298 - INFO - Total Time: 8465.0ms
2025-04-09 17:41:35,298 - INFO - ==================================================
2025-04-09 17:42:08,494 - INFO - Running Command: .\main.py.\data\Graph_ganzgross.txt
2025-04-09 17:42:09,785 - INFO - Read Graph Time: 1290.3ms
2025-04-09 17:42:10,448 - INFO - DFS Component Count Time: 629.4ms
2025-04-09 17:42:10,448 - INFO - Components: 9560
2025-04-09 17:42:10,449 - INFO - Total Time: 1954.3ms
2025-04-09 17:42:10,449 - INFO - ==================================================
2025-04-10 11:25:20,451 - INFO - Running Command: .\main.py.\data\Graph_gross.txt
2025-04-10 11:25:20,688 - INFO - Read Graph Time: 235.8ms
2025-04-10 11:25:20,840 - INFO - DFS Component Count Time: 136.3ms
2025-04-10 11:25:20,841 - INFO - Components: 222
2025-04-10 11:25:20,841 - INFO - Total Time: 389.2ms
2025-04-10 11:25:20,841 - INFO - ==================================================
2025-04-10 12:45:35,294 - INFO - Running Command: .\main.py.\data\Graph1.txt
2025-04-10 12:45:35,301 - INFO - Read Graph Time: 6.3ms
2025-04-10 12:45:35,302 - INFO - DFS Component Count Time: 0.0ms
2025-04-10 12:45:35,302 - INFO - Components: 2
2025-04-10 12:45:35,302 - INFO - Total Time: 7.0ms
2025-04-10 12:45:35,302 - INFO - ==================================================
2025-04-10 12:53:16,712 - INFO - Running Command: C:\Users\abdul\VS Code\Malgo_Praktikum\Malgo_Praktikum\main.py.\data\Graph1.txt
2025-04-10 12:53:16,713 - INFO - Read Graph Time: 0.2ms
2025-04-10 12:53:16,714 - INFO - DFS Component Count Time: 0.0ms
2025-04-10 12:53:16,714 - INFO - Components: 2
2025-04-10 12:53:16,715 - INFO - Total Time: 1.6ms
2025-04-10 12:53:16,715 - INFO - ==================================================
2025-04-10 12:54:42,369 - INFO - Running Command: C:\Users\abdul\VS Code\Malgo_Praktikum\Malgo_Praktikum\main.py.\data\Graph1.txt
2025-04-10 12:54:42,370 - INFO - Read Graph Time: 0.2ms
2025-04-10 12:55:11,966 - INFO - Running Command: .\main.py.\data\Graph1.txt
2025-04-10 12:55:11,967 - INFO - Read Graph Time: 0.2ms
2025-04-10 12:55:11,967 - INFO - BFS Component Count Time: 0.0ms
2025-04-10 12:55:11,967 - INFO - Components: 2
2025-04-10 12:55:11,967 - INFO - Total Time: 1.1ms
2025-04-10 12:55:11,968 - INFO - ==================================================
2025-04-10 13:01:20,086 - INFO - Running Command: .\main.py.\data\Graph1.txt
2025-04-10 13:01:20,087 - INFO - Read Graph Time: 0.4ms
2025-04-10 13:01:20,088 - INFO - BFS Component Count Time: 0.2ms
2025-04-10 13:01:20,088 - INFO - Components: 2
2025-04-10 13:01:20,088 - INFO - Total Time: 1.6ms
2025-04-10 13:01:20,088 - INFO - ==================================================
2025-04-10 13:02:34,352 - INFO - Running Command: C:\Users\abdul\VS Code\Malgo_Praktikum\Malgo_Praktikum\main.py.\data\Custom_Graph.txt
2025-04-10 13:03:00,558 - INFO - Running Command: C:\Users\abdul\VS Code\Malgo_Praktikum\Malgo_Praktikum\main.py.\data\Custom_Graph.txt
2025-04-10 13:03:28,977 - INFO - Running Command: C:\Users\abdul\VS Code\Malgo_Praktikum\Malgo_Praktikum\main.py.\data\Custom_Graph.txt
2025-04-10 13:06:52,990 - INFO - Running Command: C:\Users\abdul\VS Code\Malgo_Praktikum\Malgo_Praktikum\main.py.\data\Custom_Graph.txt
2025-04-10 13:07:39,828 - INFO - Running Command: C:\Users\abdul\VS Code\Malgo_Praktikum\Malgo_Praktikum\main.py.\data\Custom_Graph.txt
2025-04-10 13:07:39,835 - INFO - Read Graph Time: 6.6ms
2025-04-10 13:07:39,836 - INFO - BFS Component Count Time: 0.0ms
2025-04-10 13:07:39,836 - INFO - Components: 2
2025-04-10 13:07:39,837 - INFO - Total Time: 8.5ms
2025-04-10 13:07:39,837 - INFO - ==================================================
2025-04-10 13:07:54,674 - INFO - Running Command: C:\Users\abdul\VS Code\Malgo_Praktikum\Malgo_Praktikum\main.py.\data\Custom_Graph.txt
2025-04-10 13:07:54,676 - INFO - Read Graph Time: 0.2ms
2025-04-10 13:20:22,195 - INFO - BFS Component Count Time: 747518.5ms
2025-04-10 13:20:22,196 - INFO - Components: 2
2025-04-10 13:20:22,197 - INFO - Total Time: 747521.4ms
2025-04-10 13:20:22,197 - INFO - ==================================================
2025-04-10 14:14:47,122 - INFO - Running Command: C:\Users\abdul\VS Code\Malgo_Praktikum\Malgo_Praktikum\main.py.\data\Graph1.txt
2025-04-10 14:14:47,124 - INFO - Read Graph Time: 0.3ms
2025-04-10 14:51:49,486 - INFO - Running Command: .\main.py.\data\Graph1.txt
2025-04-10 14:51:49,487 - INFO - Read Graph Time: 0.4ms
2025-04-10 14:51:49,487 - INFO - BFS Component Count Time: 0.0ms
2025-04-10 14:51:49,488 - INFO - Components: 2
2025-04-10 14:51:49,488 - INFO - Total Time: 1.0ms
2025-04-10 14:51:49,488 - INFO - ==================================================
2025-04-10 14:51:57,074 - INFO - Running Command: .\main.py.\data\Graph_ganzganzgross.txt
2025-04-10 14:52:01,698 - INFO - Read Graph Time: 4622.6ms
2025-04-10 14:52:03,899 - INFO - BFS Component Count Time: 2010.7ms
2025-04-10 14:52:03,900 - INFO - Components: 306
2025-04-10 14:52:03,902 - INFO - Total Time: 6825.1ms
2025-04-10 14:52:03,902 - INFO - ==================================================
2025-04-10 14:52:44,496 - INFO - Running Command: .\main.py.\data\Graph_ganzganzgross.txt
2025-04-10 14:52:48,843 - INFO - Read Graph Time: 4346.6ms
2025-04-10 14:52:50,982 - INFO - BFS Component Count Time: 1933.3ms
2025-04-10 14:52:50,983 - INFO - Components: 306
2025-04-10 14:52:50,983 - INFO - Total Time: 6487.1ms
2025-04-10 14:52:50,983 - INFO - ==================================================
2025-04-10 14:54:26,264 - INFO - Running Command: .\main.py.\data\Graph_ganzganzgross.txt
2025-04-10 14:54:30,980 - INFO - Read Graph Time: 4715.4ms
2025-04-10 14:54:33,266 - INFO - BFS Component Count Time: 2091.9ms
2025-04-10 14:54:33,266 - INFO - Components: 306
2025-04-10 14:54:33,267 - INFO - Total Time: 7002.0ms
2025-04-10 14:54:33,267 - INFO - ==================================================
2025-04-10 14:55:18,419 - INFO - Running Command: .\main.py.\data\Graph_ganzganzgross.txt
2025-04-10 14:55:22,886 - INFO - Read Graph Time: 4465.7ms
2025-04-10 14:55:42,669 - INFO - BFS Component Count Time: 19588.8ms
2025-04-10 14:55:42,670 - INFO - Components: 306
2025-04-10 14:55:42,671 - INFO - Total Time: 24250.6ms
2025-04-10 14:55:42,671 - INFO - ==================================================
2025-04-10 14:56:57,134 - INFO - Running Command: C:\Users\abdul\VS Code\Malgo_Praktikum\Malgo_Praktikum\main.py.\data\Graph1.txt
2025-04-10 14:56:57,135 - INFO - Read Graph Time: 0.3ms
2025-04-10 15:26:20,619 - INFO - Running Command: .\main.py.\data\Graph1.txt
2025-04-10 15:26:20,620 - INFO - Read Graph Time: 0.4ms
2025-04-10 15:26:20,620 - INFO - BFS Component Count Time: 0.4ms
2025-04-10 15:26:20,621 - INFO - Components: 15
2025-04-10 15:26:20,621 - INFO - Total Time: 1.3ms
2025-04-10 15:26:20,621 - INFO - ==================================================
2025-04-10 15:26:54,169 - INFO - Running Command: .\main.py.\data\Graph_ganzganzgross.txt
2025-04-10 15:27:02,903 - INFO - Read Graph Time: 8728.4ms
2025-04-10 15:27:05,340 - INFO - BFS Component Count Time: 595.9ms
2025-04-10 15:27:05,347 - INFO - Components: 1000000
2025-04-10 15:27:05,347 - INFO - Total Time: 11177.3ms
2025-04-10 15:27:05,347 - INFO - ==================================================
2025-04-10 15:28:34,152 - INFO - Running Command: .\main.py.\data\Graph1.txt
2025-04-10 15:28:34,153 - INFO - Read Graph Time: 0.4ms
2025-04-10 15:29:26,353 - INFO - Running Command: .\main.py.\data\Graph1.txt
2025-04-10 15:29:26,354 - INFO - Read Graph Time: 0.3ms
2025-04-10 15:30:03,108 - INFO - Running Command: .\main.py.\data\Graph1.txt
2025-04-10 15:30:03,111 - INFO - Read Graph Time: 0.2ms
2025-04-10 15:30:03,111 - INFO - BFS Component Count Time: 0.1ms
2025-04-10 15:30:03,111 - INFO - Components: 15
2025-04-10 15:30:03,112 - INFO - Total Time: 3.4ms
2025-04-10 15:30:03,112 - INFO - ==================================================
2025-04-10 15:30:11,102 - INFO - Running Command: .\main.py.\data\Graph1.txt
2025-04-10 15:30:11,102 - INFO - Read Graph Time: 0.2ms
2025-04-10 15:31:42,683 - INFO - Running Command: C:\Users\abdul\VS Code\Malgo_Praktikum\Malgo_Praktikum\main.py.\data\Graph1.txt
2025-04-10 15:31:42,685 - INFO - Read Graph Time: 0.3ms
2025-04-10 15:33:19,752 - INFO - Running Command: C:\Users\abdul\VS Code\Malgo_Praktikum\Malgo_Praktikum\main.py.\data\Graph1.txt
2025-04-10 15:33:19,754 - INFO - Read Graph Time: 0.2ms
2025-04-10 15:38:30,365 - INFO - Running Command: .\main.py.\data\Graph1.txt
2025-04-10 15:38:30,366 - INFO - Read Graph Time: 0.3ms
2025-04-10 15:38:30,366 - INFO - BFS Component Count Time: 0.0ms
2025-04-10 15:38:30,366 - INFO - Components: 2
2025-04-10 15:38:30,366 - INFO - Total Time: 1.1ms
2025-04-10 15:38:30,367 - INFO - ==================================================
2025-04-10 15:38:34,520 - INFO - Running Command: .\main.py.\data\Graph_ganzganzgross.txt
2025-04-10 15:38:40,657 - INFO - Read Graph Time: 6131.1ms
2025-04-10 15:38:43,509 - INFO - BFS Component Count Time: 2548.4ms
2025-04-10 15:38:43,522 - INFO - Components: 306
2025-04-10 15:38:43,523 - INFO - Total Time: 9001.5ms
2025-04-10 15:38:43,523 - INFO - ==================================================
2025-04-10 15:39:17,581 - INFO - Running Command: .\main.py.\data\Graph_ganzganzgross.txt
2025-04-10 15:39:23,601 - INFO - Read Graph Time: 6016.5ms
2025-04-10 15:39:46,186 - INFO - BFS Component Count Time: 22313.6ms
2025-04-10 15:39:46,198 - INFO - Components: 306
2025-04-10 15:39:46,199 - INFO - Total Time: 28616.8ms
2025-04-10 15:39:46,199 - INFO - ==================================================
2025-04-10 15:52:53,626 - INFO - Running Command: .\main.py.\data\Graph1.txt
2025-04-10 15:52:53,627 - INFO - Read Graph Time: 0.2ms
2025-04-10 15:52:53,627 - INFO - BFS Component Count Time: 0.0ms
2025-04-10 15:52:53,627 - INFO - Components: 15
2025-04-10 15:52:53,628 - INFO - Total Time: 1.0ms
2025-04-10 15:52:53,628 - INFO - ==================================================
2025-04-10 15:53:15,540 - INFO - Running Command: .\main.py.\data\Graph1.txt
2025-04-10 15:53:15,541 - INFO - Read Graph Time: 0.3ms
2025-04-10 15:53:15,542 - INFO - BFS Component Count Time: 0.1ms
2025-04-10 15:53:15,542 - INFO - Components: 2
2025-04-10 15:53:15,543 - INFO - Total Time: 1.7ms
2025-04-10 15:53:15,543 - INFO - ==================================================
2025-04-10 15:53:17,957 - INFO - Running Command: .\main.py.\data\Graph_ganzganzgross.txt
2025-04-10 15:53:22,442 - INFO - Read Graph Time: 4484.2ms
2025-04-10 15:53:40,315 - INFO - BFS Component Count Time: 17660.8ms
2025-04-10 15:53:40,318 - INFO - Components: 306
2025-04-10 15:53:40,319 - INFO - Total Time: 22361.2ms
2025-04-10 15:53:40,319 - INFO - ==================================================
2025-04-10 15:58:39,636 - INFO - Running Command: .\main.py.\data\Graph_ganzganzgross.txt
2025-04-10 15:58:44,354 - INFO - Read Graph Time: 4718.1ms
2025-04-10 15:59:13,247 - INFO - Running Command: .\main.py.\data\Graph_ganzganzgross.txt
2025-04-10 15:59:17,531 - INFO - Read Graph Time: 4283.0ms
2025-04-10 15:59:31,579 - INFO - Running Command: .\main.py.\data\Graph_ganzganzgross.txt
2025-04-10 15:59:35,775 - INFO - Read Graph Time: 4196.2ms
2025-04-10 15:59:38,928 - INFO - BFS Component Count Time: 2959.6ms
2025-04-10 15:59:38,962 - INFO - Components: 306
2025-04-10 15:59:38,963 - INFO - Total Time: 7383.4ms
2025-04-10 15:59:38,963 - INFO - ==================================================
2025-04-10 15:59:48,150 - INFO - Running Command: .\main.py.\data\Graph_ganzganzgross.txt
2025-04-10 15:59:52,576 - INFO - Read Graph Time: 4425.1ms
2025-04-10 15:59:55,948 - INFO - BFS Component Count Time: 3168.6ms
2025-04-10 15:59:55,982 - INFO - Components: 306
2025-04-10 15:59:55,983 - INFO - Total Time: 7832.3ms
2025-04-10 15:59:55,983 - INFO - ==================================================
2025-04-10 16:00:00,155 - INFO - Running Command: .\main.py.\data\Graph_ganzganzgross.txt
2025-04-10 16:00:04,638 - INFO - Read Graph Time: 4481.8ms
2025-04-10 16:00:08,059 - INFO - BFS Component Count Time: 3225.5ms
2025-04-10 16:00:08,096 - INFO - Components: 306
2025-04-10 16:00:08,096 - INFO - Total Time: 7939.9ms
2025-04-10 16:00:08,096 - INFO - ==================================================
2025-04-10 18:17:40,485 - INFO - Running Command: .\main.py.\data\Graph_ganzganzgross.txt
2025-04-10 18:17:46,211 - INFO - Read Graph Time: 5726.0ms
2025-04-10 18:17:48,620 - INFO - BFS Component Count Time: 2244.5ms
2025-04-10 18:17:48,620 - INFO - Components: 306
2025-04-10 18:17:48,621 - INFO - Total Time: 8135.7ms
2025-04-10 18:17:48,621 - INFO - ==================================================
2025-04-10 18:29:45,404 - INFO - Running Command: .\main.py.\data\Graph_ganzganzgross.txt
2025-04-10 18:29:52,696 - INFO - Serialized graph to .\data\Graph_ganzganzgross.pkl
2025-04-10 18:29:52,696 - INFO - Read Graph Time: 7291.0ms
2025-04-10 18:29:55,191 - INFO - BFS Component Count Time: 2330.4ms
2025-04-10 18:29:55,191 - INFO - Components: 306
2025-04-10 18:29:55,191 - INFO - Total Time: 9786.3ms
2025-04-10 18:29:55,191 - INFO - ==================================================
2025-04-10 18:29:58,406 - INFO - Running Command: .\main.py.\data\Graph_ganzganzgross.txt
2025-04-10 18:29:59,510 - INFO - Loaded cached graph in 1103.7ms
2025-04-10 18:30:01,014 - INFO - BFS Component Count Time: 1502.6ms
2025-04-10 18:30:01,014 - INFO - Components: 306
2025-04-10 18:30:01,014 - INFO - Total Time: 2607.6ms
2025-04-10 18:30:01,014 - INFO - ==================================================
2025-04-10 18:30:12,655 - INFO - Running Command: .\main.py.\data\Graph_ganzganzgross.txt
2025-04-10 18:30:13,678 - INFO - Loaded cached graph in 1023.2ms
2025-04-10 18:30:15,154 - INFO - BFS Component Count Time: 1474.6ms
2025-04-10 18:30:15,154 - INFO - Components: 306
2025-04-10 18:30:15,154 - INFO - Total Time: 2499.2ms
2025-04-10 18:30:15,154 - INFO - ==================================================
2025-04-10 18:45:12,477 - INFO - Running Command: .\main.py.\data\Graph_ganzganzgross.txt
2025-04-10 18:45:13,493 - INFO - Loaded cached graph in 1015.4ms
2025-04-10 18:45:14,971 - INFO - Components: 306
2025-04-10 18:45:14,971 - INFO - Total Time: 2493.5ms
2025-04-10 18:45:14,971 - INFO - ==================================================
2025-04-10 18:45:21,013 - INFO - Running Command: .\main.py.\data\Graph_ganzganzgross.txt
2025-04-10 18:45:22,036 - INFO - Loaded cached graph in 1021.2ms
2025-04-10 18:45:23,500 - INFO - Components: 306
2025-04-10 18:45:23,500 - INFO - Total Time: 2486.0ms
2025-04-10 18:45:23,500 - INFO - ==================================================
2025-04-10 18:46:19,501 - INFO - Running Command: .\main.py.\data\Graph_ganzganzgross.txt
2025-04-10 18:46:20,545 - INFO - Loaded cached graph in 1044.3ms
2025-04-10 18:46:22,052 - INFO - BFS Component Count Time: 1506.8ms
2025-04-10 18:46:22,053 - INFO - Components: 306
2025-04-10 18:46:22,053 - INFO - Total Time: 2552.4ms
2025-04-10 18:46:22,053 - INFO - ==================================================
2025-04-10 18:50:45,408 - INFO - Running Command: .\main.py.\data\Graph_ganzganzgross.txt
2025-04-10 18:50:46,436 - INFO - Loaded cached graph in 1026.3ms
2025-04-10 18:50:47,951 - INFO - BFS Component Count Time: 1515.0ms
2025-04-10 18:50:47,951 - INFO - Components: 306
2025-04-10 18:50:47,951 - INFO - Total Time: 2542.6ms
2025-04-10 18:50:47,952 - INFO - ==================================================
2025-04-10 18:55:44,040 - INFO - Running Command: .\main.py.\data\Graph_ganzganzgross.txtbfs
2025-04-10 18:56:00,236 - INFO - Running Command: .\main.py.\data\Graph_ganzganzgross.txt-abfs
2025-04-10 18:56:01,259 - INFO - Loaded cached graph in 1018.1ms
2025-04-10 18:56:02,718 - INFO - BFS Component Count Time: 1459.0ms
2025-04-10 18:56:02,719 - INFO - Components: 306
2025-04-10 18:56:02,720 - INFO - Total Time: 2478.5ms using BFS
2025-04-10 18:56:02,721 - INFO - ==================================================
2025-04-10 18:56:09,437 - INFO - Running Command: .\main.py.\data\Graph_ganzganzgross.txt-adfs
2025-04-10 18:56:10,457 - INFO - Loaded cached graph in 1016.0ms
2025-04-10 18:56:11,942 - INFO - BFS Component Count Time: 1484.8ms
2025-04-10 18:56:11,942 - INFO - Components: 306
2025-04-10 18:56:11,942 - INFO - Total Time: 2502.2ms using DFS
2025-04-10 18:56:11,942 - INFO - ==================================================
2025-04-10 18:56:20,334 - INFO - Running Command: .\main.py.\data\Graph_ganzganzgross.txt-h
2025-04-10 18:56:55,216 - INFO - Running Command: .\main.py.\data\Graph_ganzganzgross.txt-abfs--no-cache
2025-04-10 18:57:01,196 - INFO - Read Graph Time: 5977.0ms
2025-04-10 18:57:03,663 - INFO - BFS Component Count Time: 2302.5ms
2025-04-10 18:57:03,663 - INFO - Components: 306
2025-04-10 18:57:03,664 - INFO - Total Time: 8444.5ms using BFS
2025-04-10 18:57:03,664 - INFO - ==================================================
2025-04-10 19:06:51,173 - INFO - Reading graph from .\data\Graph_ganzganzgross.txt
2025-04-10 19:06:57,033 - INFO - Read Graph Time: 5859.3ms
2025-04-10 19:06:57,208 - INFO - Graph parsed in: 6034.3ms
2025-04-10 19:06:59,937 - INFO - BFS Component Count Time: 2729.8ms
2025-04-10 19:06:59,938 - INFO - Components: 306
2025-04-10 19:06:59,938 - INFO - Total Time: 8765.3ms using BFS
2025-04-10 19:06:59,938 - INFO - ==================================================
2025-04-10 19:07:12,577 - INFO - Loaded cached graph .\data\Graph_ganzganzgross
2025-04-10 19:07:12,577 - INFO - Graph parsed in: 1015.9ms
2025-04-10 19:07:14,102 - INFO - BFS Component Count Time: 1525.2ms
2025-04-10 19:07:14,102 - INFO - Components: 306
2025-04-10 19:07:14,103 - INFO - Total Time: 2542.0ms using BFS
2025-04-10 19:07:14,103 - INFO - ==================================================
2025-04-10 19:12:50,360 - INFO - Loaded cached graph .\data\Graph_ganzganzgross
2025-04-10 19:12:50,361 - INFO - Graph parsed in: 1135.2ms
2025-04-10 19:12:51,931 - INFO - Traversal completed using BFS 
Component Count Time: 1569.2ms
2025-04-10 19:12:51,931 - INFO - Components: 306
2025-04-10 19:12:51,931 - INFO - Total Time: 2705.9ms (Parsing + Analysis)
2025-04-10 19:12:51,932 - INFO - ==================================================
2025-04-10 19:20:58,205 - INFO - Loaded cached graph .\data\Graph_ganzganzgross
2025-04-10 19:20:58,205 - INFO - Graph parsed in: 1016.2ms
2025-04-10 19:20:59,730 - INFO - Analysis Time: 1524.1ms
2025-04-10 19:20:59,730 - INFO - Components: 306
2025-04-10 19:20:59,730 - INFO - Total Time: 2541.2ms (Parsing + Analysis)
2025-04-10 19:20:59,730 - INFO - ==================================================
2025-04-10 19:25:09,070 - INFO - Loaded graph from cache
2025-04-10 19:25:09,070 - INFO - Parsing Time: 1019.2ms
2025-04-10 19:25:10,591 - INFO - Analysis Time: 1519.0ms
2025-04-10 19:25:10,591 - INFO - Component count: 306
2025-04-10 19:25:10,591 - INFO - Total Script Time: 2539.2ms
2025-04-10 19:25:10,591 - INFO - ==================================================
2025-04-10 19:28:15,270 - INFO - Loaded graph from cache
2025-04-10 19:28:15,270 - INFO - Parsing Time: 1088.7ms
2025-04-10 19:28:31,422 - INFO - Analysis Time: 16151.2ms
2025-04-10 19:28:31,422 - INFO - Component count: 306
2025-04-10 19:28:31,423 - INFO - Total Script Time: 17241.0ms
2025-04-10 19:28:31,423 - INFO - ==================================================
2025-04-10 19:32:50,038 - INFO - Reading graph from .\data\Graph_ganzgross.txt
2025-04-10 19:32:51,820 - INFO - Serialized graph to .\data\Graph_ganzgross.pkl
2025-04-10 19:32:51,821 - INFO - Read Graph Time: 1782.6ms
2025-04-10 19:32:51,870 - INFO - Parsing Time: 1831.4ms
2025-04-10 19:32:52,628 - INFO - Analysis Time: 758.1ms
2025-04-10 19:32:52,629 - INFO - Component count: 9560
2025-04-10 19:32:52,629 - INFO - Total Script Time: 2590.9ms
2025-04-10 19:32:52,629 - INFO - ==================================================
2025-04-10 19:34:10,772 - INFO - Reading graph from .\data\Graph2.txt
2025-04-10 19:34:10,784 - INFO - Serialized graph to .\data\Graph2.pkl
2025-04-10 19:34:10,785 - INFO - Read Graph Time: 12.9ms
2025-04-10 19:34:10,785 - INFO - Parsing Time: 13.2ms
2025-04-10 19:34:10,787 - INFO - Analysis Time: 1.5ms
2025-04-10 19:34:10,787 - INFO - Component count: 4
2025-04-10 19:34:10,788 - INFO - Total Script Time: 16.1ms
2025-04-10 19:34:10,788 - INFO - ==================================================
2025-04-10 19:34:22,498 - INFO - Reading graph from .\data\Graph3.txt
2025-04-10 19:34:22,510 - INFO - Serialized graph to .\data\Graph3.pkl
2025-04-10 19:34:22,510 - INFO - Read Graph Time: 12.8ms
2025-04-10 19:34:22,511 - INFO - Parsing Time: 13.1ms
2025-04-10 19:34:22,512 - INFO - Analysis Time: 0.7ms
2025-04-10 19:34:22,512 - INFO - Component count: 4
2025-04-10 19:34:22,512 - INFO - Total Script Time: 14.7ms
2025-04-10 19:34:22,512 - INFO - ==================================================
2025-04-10 19:34:28,146 - INFO - Loaded graph from cache
2025-04-10 19:34:28,146 - INFO - Parsing Time: 10.0ms
2025-04-10 19:34:28,148 - INFO - Analysis Time: 1.1ms
2025-04-10 19:34:28,148 - INFO - Component count: 4
2025-04-10 19:34:28,148 - INFO - Total Script Time: 12.2ms
2025-04-10 19:34:28,148 - INFO - ==================================================
2025-04-10 19:34:40,055 - INFO - Reading graph from .\data\Graph_gross.txt
2025-04-10 19:34:40,498 - INFO - Serialized graph to .\data\Graph_gross.pkl
2025-04-10 19:34:40,499 - INFO - Read Graph Time: 443.4ms
2025-04-10 19:34:40,512 - INFO - Parsing Time: 457.0ms
2025-04-10 19:34:40,672 - INFO - Analysis Time: 159.1ms
2025-04-10 19:34:40,672 - INFO - Component count: 222
2025-04-10 19:34:40,672 - INFO - Total Script Time: 617.2ms
2025-04-10 19:34:40,672 - INFO - ==================================================
2025-04-10 19:34:43,261 - INFO - Loaded graph from cache
2025-04-10 19:34:43,261 - INFO - Parsing Time: 68.6ms
2025-04-10 19:34:43,378 - INFO - Analysis Time: 116.0ms
2025-04-10 19:34:43,378 - INFO - Component count: 222
2025-04-10 19:34:43,378 - INFO - Total Script Time: 185.5ms
2025-04-10 19:34:43,378 - INFO - ==================================================
2025-04-10 19:34:52,402 - INFO - Loaded graph from cache
2025-04-10 19:34:52,402 - INFO - Parsing Time: 357.8ms
2025-04-10 19:34:52,927 - INFO - Analysis Time: 523.8ms
2025-04-10 19:34:52,928 - INFO - Component count: 9560
2025-04-10 19:34:52,928 - INFO - Total Script Time: 882.4ms
2025-04-10 19:34:52,928 - INFO - ==================================================
2025-04-10 19:35:05,925 - INFO - Loaded graph from cache
2025-04-10 19:35:05,925 - INFO - Parsing Time: 1055.3ms
2025-04-10 19:35:07,494 - INFO - Analysis Time: 1567.8ms
2025-04-10 19:35:07,494 - INFO - Component count: 306
2025-04-10 19:35:07,494 - INFO - Total Script Time: 2624.1ms
2025-04-10 19:35:07,494 - INFO - ==================================================
2025-04-10 19:35:11,386 - INFO - Loaded graph from cache
2025-04-10 19:35:11,386 - INFO - Parsing Time: 1048.9ms
2025-04-10 19:35:12,961 - INFO - Analysis Time: 1573.9ms
2025-04-10 19:35:12,962 - INFO - Component count: 306
2025-04-10 19:35:12,962 - INFO - Total Script Time: 2624.0ms
2025-04-10 19:35:12,962 - INFO - ==================================================
2025-04-10 19:36:52,621 - INFO - Loaded graph from cache
2025-04-10 19:36:52,621 - INFO - Parsing Time: 1055.1ms
2025-04-10 19:36:54,186 - INFO - Analysis Time: 1564.6ms
2025-04-10 19:36:54,186 - INFO - Component count: 306
2025-04-10 19:36:54,186 - INFO - Total Script Time: 2620.6ms
2025-04-10 19:36:54,187 - INFO - ==================================================
2025-04-10 19:37:49,446 - INFO - Reading graph from .\data\Graph_ganzganzgross.txt
2025-04-10 19:37:55,315 - INFO - Read Graph Time: 5868.4ms
2025-04-10 19:37:55,480 - INFO - Parsing Time: 6034.2ms
2025-04-10 19:37:57,963 - INFO - Analysis Time: 2481.3ms
2025-04-10 19:37:57,963 - INFO - Component count: 306
2025-04-10 19:37:57,963 - INFO - Total Script Time: 8516.7ms
2025-04-10 19:37:57,963 - INFO - ==================================================
2025-04-10 19:40:08,184 - INFO - Reading graph from .\data\Graph_ganzganzgross.txt
2025-04-10 19:40:14,011 - INFO - Read Graph Time: 5828.3ms
2025-04-10 19:40:14,181 - INFO - Parsing Time: 5997.6ms
2025-04-10 19:40:16,626 - INFO - Analysis Time: 2443.7ms
2025-04-10 19:40:16,626 - INFO - Component count: 306
2025-04-10 19:40:16,626 - INFO - Total Script Time: 8442.6ms
2025-04-10 19:40:16,626 - INFO - ==================================================
2025-04-10 19:40:21,992 - INFO - Loaded graph from cache
2025-04-10 19:40:21,993 - INFO - Parsing Time: 1039.5ms
2025-04-10 19:40:23,516 - INFO - Analysis Time: 1523.1ms
2025-04-10 19:40:23,516 - INFO - Component count: 306
2025-04-10 19:40:23,517 - INFO - Total Script Time: 2563.6ms
2025-04-10 19:40:23,517 - INFO - ==================================================
2025-04-10 19:45:49,490 - INFO - Reading graph from .\data\Graph1.txt
2025-04-11 09:51:17,267 - INFO - Reading graph from .\data\Graph_ganzganzgross.txt
2025-04-11 09:51:22,685 - INFO - Read Graph Time: 5413.1ms
2025-04-11 09:51:23,448 - INFO - Parsing Time: 6180.2ms
2025-04-11 09:51:25,574 - INFO - Analysis Time: 2125.4ms
2025-04-11 09:51:25,575 - INFO - Component count: 306
2025-04-11 09:51:25,576 - INFO - Total Script Time: 8308.7ms
2025-04-11 09:51:25,576 - INFO - ==================================================
2025-04-11 09:51:56,421 - INFO - Loaded graph from cache
2025-04-11 09:51:56,422 - INFO - Parsing Time: 589.3ms
2025-04-11 09:51:57,556 - INFO - Analysis Time: 1133.8ms
2025-04-11 09:51:57,557 - INFO - Component count: 306
2025-04-11 09:51:57,557 - INFO - Total Script Time: 1724.3ms
2025-04-11 09:51:57,557 - INFO - ==================================================
2025-04-11 09:59:32,092 - INFO - Loaded graph from cache
2025-04-11 09:59:32,092 - INFO - Parsing Time: 587.9ms
2025-04-11 09:59:33,301 - INFO - Analysis Time: 1207.9ms
2025-04-11 09:59:33,301 - INFO - Component count: 306
2025-04-11 09:59:33,301 - INFO - Total Script Time: 1797.1ms
2025-04-11 09:59:33,302 - INFO - ==================================================
2025-04-11 10:05:24,738 - INFO - Loaded graph from cache
2025-04-11 10:05:24,738 - INFO - Parsing Time: 621.9ms
2025-04-11 10:05:25,970 - INFO - Analysis Time: 1231.4ms
2025-04-11 10:05:25,971 - INFO - Component count: 306
2025-04-11 10:05:25,971 - INFO - Total Script Time: 1854.3ms
2025-04-11 10:05:25,971 - INFO - ==================================================
2025-04-11 10:05:44,849 - INFO - Loaded graph from cache
2025-04-11 10:05:44,850 - INFO - Loading Time: 574.7ms
2025-04-11 10:05:45,984 - INFO - Analysis Time: 1134.2ms
2025-04-11 10:05:45,985 - INFO - Component count: 306
2025-04-11 10:05:45,985 - INFO - Total Script Time: 1710.3ms
2025-04-11 10:05:45,986 - INFO - ==================================================
2025-04-11 12:42:53,362 - INFO - Reading graph from ./data\Graph1.txt
2025-04-11 12:42:53,375 - INFO - Serialized graph to ./data\Graph1.pkl
2025-04-11 12:42:53,376 - INFO - Read Graph Time: 13.7ms
2025-04-11 12:43:29,076 - INFO - Loaded graph from cache
2025-04-11 12:45:03,521 - INFO - Loaded graph from cache
2025-04-11 12:45:03,522 - INFO - Loading Time: 2.1ms
2025-04-11 12:45:03,522 - INFO - Analysis Time: 0.1ms
2025-04-11 12:45:03,523 - INFO - Component count: 2
2025-04-11 12:45:03,523 - INFO - Total Script Time: 3.4ms
2025-04-11 12:45:03,523 - INFO - ==================================================
2025-04-11 12:46:24,108 - INFO - Loaded graph from cache
2025-04-11 12:47:41,240 - INFO - Loaded graph from cache
2025-04-11 12:52:13,549 - INFO - Loaded graph from cache
2025-04-11 12:52:33,148 - INFO - Loaded graph from cache
2025-04-11 12:53:16,626 - INFO - Loaded graph from cache
2025-04-11 12:54:19,071 - INFO - Loaded graph from cache
2025-04-11 12:55:14,604 - INFO - Loaded graph from cache
2025-04-11 12:55:17,465 - INFO - Analysis Time: 0.5ms
2025-04-11 12:59:21,535 - INFO - Loaded graph from cache
2025-04-11 12:59:24,371 - INFO - Analysis Time: 1.9ms
2025-04-11 13:00:50,817 - INFO - Loaded graph from cache
2025-04-11 13:00:53,939 - INFO - Analysis Time: 6.1ms
2025-04-11 13:00:58,364 - INFO - Loaded graph from cache
2025-04-11 13:00:59,025 - INFO - Analysis Time: 1.3ms
2025-04-11 13:01:04,260 - INFO - Loaded graph from cache
2025-04-11 13:01:08,740 - INFO - Analysis Time: 216.5ms
2025-04-11 13:01:13,513 - INFO - Loaded graph from cache
2025-04-11 13:01:15,439 - INFO - Analysis Time: 750.4ms
2025-04-11 13:01:17,627 - INFO - Loaded graph from cache
2025-04-11 13:01:20,313 - INFO - Analysis Time: 1646.0ms
2025-04-11 13:02:29,447 - INFO - Loaded graph from cache
2025-04-11 13:02:29,447 - INFO - Loading Time: 607.3ms
2025-04-11 13:02:30,603 - INFO - Analysis Time: 1155.5ms
2025-04-11 13:02:30,604 - INFO - Component count: 306
2025-04-11 13:02:30,604 - INFO - Total Script Time: 1764.1ms
2025-04-11 13:02:30,604 - INFO - ==================================================
2025-04-11 13:02:44,794 - INFO - Loaded graph from cache
2025-04-11 13:02:44,795 - INFO - Loading Time: 566.7ms
2025-04-11 13:02:45,940 - INFO - Analysis Time: 1144.8ms
2025-04-11 13:02:45,941 - INFO - Component count: 306
2025-04-11 13:02:45,941 - INFO - Total Script Time: 1712.9ms
2025-04-11 13:02:45,941 - INFO - ==================================================
2025-04-11 13:15:15,599 - INFO - Loaded graph from cache
2025-04-11 13:15:15,600 - INFO - Analysis Time: 0.6ms
2025-04-11 13:15:15,601 - INFO - Loaded graph from cache
2025-04-11 13:15:15,602 - INFO - Analysis Time: 0.5ms
2025-04-11 13:15:15,662 - INFO - Loaded graph from cache
2025-04-11 13:15:15,762 - INFO - Analysis Time: 99.6ms
2025-04-11 13:15:15,978 - INFO - Loaded graph from cache
2025-04-11 13:15:16,400 - INFO - Analysis Time: 411.8ms
2025-04-11 13:15:17,012 - INFO - Loaded graph from cache
2025-04-11 13:15:18,234 - INFO - Analysis Time: 1179.2ms
2025-04-11 13:15:29,711 - INFO - Loaded graph from cache
2025-04-11 13:15:29,711 - INFO - Loading Time: 1.3ms
2025-04-11 13:15:29,712 - INFO - Analysis Time: 0.7ms
2025-04-11 13:15:29,713 - INFO - Component count: 4
2025-04-11 13:15:29,713 - INFO - Total Script Time: 3.0ms
2025-04-11 13:15:29,713 - INFO - ==================================================
2025-04-22 14:42:14,826 - INFO - Loaded graph from cache
2025-04-22 14:42:14,826 - INFO - Parsing Time: 0.6ms
2025-04-22 14:42:33,907 - INFO - Loaded graph from cache
2025-04-22 14:42:33,907 - INFO - Parsing Time: 9.1ms
2025-04-22 14:42:33,908 - INFO - Analysis Time: 0.8ms
2025-04-22 14:42:33,908 - INFO - Component count: 4
2025-04-22 14:42:33,909 - INFO - Total Script Time: 10.6ms
2025-04-22 14:42:33,909 - INFO - ==================================================
2025-04-22 14:44:16,307 - INFO - Loaded graph from cache
2025-04-22 14:44:16,308 - INFO - Parsing Time: 2.7ms
2025-04-23 13:00:53,645 - INFO - Loaded graph from cache
2025-04-23 13:00:53,646 - INFO - Parsing Time: 9.9ms
2025-04-23 13:00:53,647 - INFO - Analysis Time: 0.8ms
2025-04-23 13:00:53,647 - INFO - Component count: 4
2025-04-23 13:00:53,648 - INFO - Total Script Time: 11.4ms
2025-04-23 13:00:53,648 - INFO - ==================================================
2025-04-23 13:01:12,886 - INFO - Loaded graph from cache
2025-04-23 13:01:12,887 - INFO - Parsing Time: 1052.6ms
2025-04-23 13:01:14,419 - INFO - Analysis Time: 1530.9ms
2025-04-23 13:01:14,419 - INFO - Component count: 306
2025-04-23 13:01:14,419 - INFO - Total Script Time: 2584.4ms
2025-04-23 13:01:14,419 - INFO - ==================================================
2025-04-23 13:06:13,566 - INFO - Loaded graph from cache
2025-04-23 13:06:13,567 - INFO - Parsing Time: 1015.2ms
2025-04-23 13:06:15,090 - INFO - Analysis Time: 1523.2ms
2025-04-23 13:06:15,091 - INFO - Component count: 306
2025-04-23 13:06:15,091 - INFO - Total Script Time: 2539.2ms
2025-04-23 13:06:15,091 - INFO - ==================================================
2025-04-23 13:06:30,400 - INFO - Reading graph from .\data\Graph1.txt
2025-04-23 13:06:30,407 - INFO - Read Graph Time: 7.2ms
2025-04-23 13:06:30,408 - INFO - Parsing Time: 7.5ms
2025-04-23 13:06:30,408 - INFO - Analysis Time: 0.0ms
2025-04-23 13:06:30,408 - INFO - Component count: 2
2025-04-23 13:06:30,408 - INFO - Total Script Time: 8.2ms
2025-04-23 13:06:30,408 - INFO - ==================================================
2025-04-23 16:43:01,658 - INFO - Reading graph from .\data\Graph_ganzganzgross.txt
2025-04-23 16:43:07,718 - INFO - Read Graph Time: 6059.6ms
2025-04-23 16:43:07,889 - INFO - Parsing Time: 6231.1ms
2025-04-23 16:43:10,439 - INFO - Analysis Time: 2548.0ms
2025-04-23 16:43:10,439 - INFO - Component count: 306
2025-04-23 16:43:10,439 - INFO - Total Script Time: 8780.0ms
2025-04-23 16:43:10,439 - INFO - ==================================================
2025-04-23 16:43:18,660 - INFO - Loaded graph from cache
2025-04-23 16:43:18,661 - INFO - Parsing Time: 711.4ms
2025-04-23 16:45:11,430 - INFO - Reading graph from .\data\Graph_ganzganzgross.txt
2025-04-23 16:45:18,555 - INFO - Serialized graph to .\data\Graph_ganzganzgross.pkl
2025-04-23 16:45:18,556 - INFO - Read Graph Time: 7126.7ms
2025-04-23 16:45:18,694 - INFO - Parsing Time: 7265.1ms
2025-04-23 16:45:21,177 - INFO - Analysis Time: 2481.1ms
2025-04-23 16:45:21,177 - INFO - Component count: 306
2025-04-23 16:45:21,177 - INFO - Total Script Time: 9747.4ms
2025-04-23 16:45:21,177 - INFO - ==================================================
2025-04-23 16:45:30,306 - INFO - Loaded graph from cache
2025-04-23 16:45:30,307 - INFO - Parsing Time: 1102.7ms
2025-04-23 16:45:32,040 - INFO - Analysis Time: 1733.0ms
2025-04-23 16:45:32,040 - INFO - Component count: 306
2025-04-23 16:45:32,040 - INFO - Total Script Time: 2836.8ms
2025-04-23 16:45:32,040 - INFO - ==================================================
2025-04-23 16:46:18,133 - INFO - Loaded graph from cache
2025-04-23 16:46:18,133 - INFO - Parsing Time: 1024.8ms
2025-04-23 16:46:33,984 - INFO - Analysis Time: 15850.4ms
2025-04-23 16:46:33,984 - INFO - Component count: 306
2025-04-23 16:46:33,984 - INFO - Total Script Time: 16875.9ms
2025-04-23 16:46:33,984 - INFO - ==================================================
2025-04-24 20:07:23,860 - INFO - Reading graph from .\data\Graph1.txt
2025-04-24 20:07:23,860 - INFO - Reading graph from .\data\Graph1.txt
2025-04-24 20:10:23,886 - INFO - Reading graph from .\data\Graph1.txt
2025-04-24 20:10:23,886 - INFO - Reading graph from .\data\Graph1.txt
2025-04-24 20:10:48,576 - INFO - Reading graph from .\data\Graph1.txt
2025-04-24 20:10:48,577 - INFO - Reading graph from .\data\Graph1.txt
2025-04-24 20:10:48,577 - INFO - Read Graph Time: 0.4ms
2025-04-24 20:10:48,578 - INFO - Parsing Time: 1.7ms
2025-04-24 20:10:48,578 - INFO - Component count: 15
2025-04-24 20:11:04,363 - INFO - Reading graph from .\data\G_100_200.txt
2025-04-24 20:11:04,363 - INFO - Reading graph from .\data\G_100_200.txt
2025-04-24 20:11:04,783 - INFO - Read Graph Time: 419.6ms
2025-04-24 20:11:05,355 - INFO - Parsing Time: 992.4ms
2025-04-24 20:12:49,811 - INFO - Reading graph from .\data\Graph1.txt
2025-04-24 20:12:49,811 - INFO - Reading graph from .\data\Graph1.txt
2025-04-24 20:12:49,812 - INFO - Read Graph Time: 0.4ms
2025-04-24 20:12:49,812 - INFO - Parsing Time: 1.5ms
2025-04-24 20:12:49,813 - INFO - Component count: 15
2025-04-24 20:15:12,149 - INFO - Reading graph from .\data\Graph1.txt
2025-04-24 20:15:12,149 - INFO - Reading graph from .\data\Graph1.txt
2025-04-24 20:15:12,150 - INFO - Read Graph Time: 0.4ms
2025-04-24 20:15:12,151 - INFO - Parsing Time: 1.7ms
2025-04-24 20:16:23,564 - INFO - Reading graph from .\data\Graph1.txt
2025-04-24 20:16:23,564 - INFO - Reading graph from .\data\Graph1.txt
2025-04-24 20:16:23,565 - INFO - Read Graph Time: 0.4ms
2025-04-24 20:16:23,565 - INFO - Parsing Time: 1.5ms
2025-04-24 20:18:42,198 - INFO - Reading graph from .\data\G_100_200.txt
2025-04-24 20:18:42,198 - INFO - Reading graph from .\data\G_100_200.txt
2025-04-24 20:18:42,571 - INFO - Read Graph Time: 372.7ms
2025-04-24 20:18:43,096 - INFO - Parsing Time: 898.1ms
2025-04-24 20:19:13,801 - INFO - Reading graph from .\data\G_100_200.txt
2025-04-24 20:19:13,801 - INFO - Reading graph from .\data\G_100_200.txt
2025-04-24 20:19:14,170 - INFO - Read Graph Time: 368.4ms
2025-04-24 20:19:14,694 - INFO - Parsing Time: 893.8ms
2025-04-24 20:19:36,567 - INFO - Reading graph from .\data\G_100_200.txt
2025-04-24 20:19:36,567 - INFO - Reading graph from .\data\G_100_200.txt
2025-04-24 20:19:36,926 - INFO - Read Graph Time: 359.2ms
2025-04-24 20:19:37,458 - INFO - Parsing Time: 891.7ms
2025-04-24 20:20:36,201 - INFO - Reading graph from .\data\G_100_200.txt
2025-04-24 20:20:36,201 - INFO - Reading graph from .\data\G_100_200.txt
2025-04-24 20:20:36,567 - INFO - Read Graph Time: 365.5ms
2025-04-24 20:20:37,087 - INFO - Parsing Time: 885.5ms
2025-04-24 20:20:52,499 - INFO - Reading graph from .\data\G_100_200.txt
2025-04-24 20:20:52,499 - INFO - Reading graph from .\data\G_100_200.txt
2025-04-24 20:20:52,852 - INFO - Read Graph Time: 353.1ms
2025-04-24 20:20:53,366 - INFO - Parsing Time: 867.2ms
2025-04-24 20:21:07,258 - INFO - Reading graph from .\data\G_100_200.txt
2025-04-24 20:21:07,258 - INFO - Reading graph from .\data\G_100_200.txt
2025-04-24 20:21:07,614 - INFO - Read Graph Time: 355.3ms
2025-04-24 20:21:08,127 - INFO - Parsing Time: 867.5ms
2025-04-24 20:23:15,309 - INFO - Reading graph from .\data\G_100_200.txt
2025-04-24 20:23:15,309 - INFO - Reading graph from .\data\G_100_200.txt
2025-04-24 20:23:15,685 - INFO - Read Graph Time: 376.0ms
2025-04-24 20:23:16,203 - INFO - Parsing Time: 894.8ms
2025-04-24 20:23:45,740 - INFO - Reading graph from .\data\G_100_200.txt
2025-04-24 20:23:45,740 - INFO - Reading graph from .\data\G_100_200.txt
2025-04-24 20:23:46,089 - INFO - Read Graph Time: 349.2ms
2025-04-24 20:23:46,625 - INFO - Parsing Time: 885.9ms
2025-04-24 20:23:54,958 - INFO - Reading graph from .\data\G_100_200.txt
2025-04-24 20:23:54,958 - INFO - Reading graph from .\data\G_100_200.txt
2025-04-24 20:23:55,320 - INFO - Read Graph Time: 361.6ms
2025-04-24 20:23:55,838 - INFO - Parsing Time: 879.3ms
2025-04-24 20:28:50,382 - INFO - Reading graph from .\data\G_100_200.txt
2025-04-24 20:28:50,382 - INFO - Reading graph from .\data\G_100_200.txt
2025-04-24 20:28:50,757 - INFO - Read Graph Time: 374.7ms
2025-04-24 20:28:51,291 - INFO - Parsing Time: 909.1ms
2025-04-24 20:29:22,241 - INFO - Reading graph from .\data\G_100_200.txt
2025-04-24 20:29:22,241 - INFO - Reading graph from .\data\G_100_200.txt
2025-04-24 20:29:22,602 - INFO - Read Graph Time: 360.4ms
2025-04-24 20:29:23,134 - INFO - Parsing Time: 892.7ms
2025-04-24 20:34:04,391 - INFO - Reading graph from .\data\G_100_200.txt
2025-04-24 20:34:04,391 - INFO - Reading graph from .\data\G_100_200.txt
2025-04-24 20:34:04,758 - INFO - Read Graph Time: 366.6ms
2025-04-24 20:34:05,283 - INFO - Parsing Time: 891.9ms
2025-04-24 20:34:36,181 - INFO - Reading graph from .\data\G_100_200.txt
2025-04-24 20:34:36,181 - INFO - Reading graph from .\data\G_100_200.txt
2025-04-24 20:34:36,612 - INFO - Read Graph Time: 431.0ms
2025-04-24 20:34:37,160 - INFO - Parsing Time: 979.3ms
2025-04-24 20:35:58,838 - INFO - Reading graph from .\data\G_100_200.txt
2025-04-24 20:35:58,839 - INFO - Reading graph from .\data\G_100_200.txt
2025-04-24 20:35:59,196 - INFO - Read Graph Time: 356.6ms
2025-04-24 20:35:59,706 - INFO - Parsing Time: 867.5ms
2025-04-24 20:36:25,520 - INFO - Reading graph from .\data\G_100_200.txt
2025-04-24 20:36:25,521 - INFO - Reading graph from .\data\G_100_200.txt
2025-04-24 20:36:25,943 - INFO - Read Graph Time: 422.1ms
2025-04-24 20:36:26,498 - INFO - Parsing Time: 977.7ms
2025-04-24 20:36:37,639 - INFO - Reading graph from .\data\G_100_200.txt
2025-04-24 20:36:37,639 - INFO - Reading graph from .\data\G_100_200.txt
2025-04-24 20:36:38,065 - INFO - Read Graph Time: 425.3ms
2025-04-24 20:36:38,621 - INFO - Parsing Time: 982.5ms
2025-04-24 20:38:36,859 - INFO - Reading graph from .\data\G_100_200.txt
2025-04-24 20:38:36,860 - INFO - Reading graph from .\data\G_100_200.txt
2025-04-24 20:38:37,271 - INFO - Read Graph Time: 411.1ms
2025-04-24 20:38:37,815 - INFO - Parsing Time: 956.2ms
2025-04-24 20:38:55,987 - INFO - Reading graph from .\data\G_100_200.txt
2025-04-24 20:38:55,987 - INFO - Reading graph from .\data\G_100_200.txt
2025-04-24 20:38:56,353 - INFO - Read Graph Time: 364.3ms
2025-04-24 20:38:56,871 - INFO - Parsing Time: 883.2ms
2025-04-24 20:40:44,580 - INFO - Reading graph from .\data\G_100_200.txt
2025-04-24 20:40:44,581 - INFO - Reading graph from .\data\G_100_200.txt
2025-04-24 20:40:44,939 - INFO - Read Graph Time: 358.8ms
2025-04-24 20:40:45,450 - INFO - Parsing Time: 870.3ms
2025-04-24 20:40:51,823 - INFO - Reading graph from .\data\G_100_200.txt
2025-04-24 20:40:51,823 - INFO - Reading graph from .\data\G_100_200.txt
2025-04-24 20:40:52,183 - INFO - Read Graph Time: 359.8ms
2025-04-24 20:40:52,693 - INFO - Parsing Time: 870.5ms
2025-04-24 20:41:06,827 - INFO - Reading graph from .\data\G_100_200.txt
2025-04-24 20:41:06,827 - INFO - Reading graph from .\data\G_100_200.txt
2025-04-24 20:41:07,187 - INFO - Read Graph Time: 360.3ms
2025-04-24 20:41:07,701 - INFO - Parsing Time: 874.0ms
2025-04-24 20:41:10,084 - INFO - Reading graph from .\data\G_100_200.txt
2025-04-24 20:41:10,084 - INFO - Reading graph from .\data\G_100_200.txt
2025-04-24 20:41:10,442 - INFO - Read Graph Time: 357.0ms
2025-04-24 20:41:10,952 - INFO - Parsing Time: 867.9ms
2025-04-24 20:41:13,820 - INFO - Reading graph from .\data\G_100_200.txt
2025-04-24 20:41:13,821 - INFO - Reading graph from .\data\G_100_200.txt
2025-04-24 20:41:14,175 - INFO - Read Graph Time: 354.8ms
2025-04-24 20:41:14,708 - INFO - Parsing Time: 888.2ms
2025-04-24 20:48:53,178 - INFO - Reading graph from .\data\G_100_200.txt
2025-04-24 20:48:53,178 - INFO - Reading graph from .\data\G_100_200.txt
2025-04-24 20:48:53,550 - INFO - Read Graph Time: 371.8ms
2025-04-24 20:48:54,067 - INFO - Parsing Time: 889.0ms
2025-04-24 20:48:54,411 - INFO - Total Weight: 27550.51488
Analysis Time: Analysis Time: 342.7ms
2025-04-24 20:50:29,664 - INFO - Reading graph from .\data\G_100_200.txt
2025-04-24 20:50:29,665 - INFO - Reading graph from .\data\G_100_200.txt
2025-04-24 20:50:30,042 - INFO - Read Graph Time: 377.0ms
2025-04-24 20:50:30,597 - INFO - Parsing Time: 932.7ms
2025-04-24 20:50:30,941 - INFO - Total Weight: 27550.51488
Analysis Time: Analysis Time: 343.5ms
2025-04-24 20:57:28,939 - INFO - Reading graph from .\data\G_100_200.txt
2025-04-24 20:57:28,940 - INFO - Reading graph from .\data\G_100_200.txt
2025-04-24 20:57:29,324 - INFO - Read Graph Time: 382.8ms
2025-04-24 20:57:29,872 - INFO - Parsing Time: 932.0ms
2025-04-24 20:57:30,255 - INFO - Total Weight: 27550.51488
2025-04-24 20:57:30,255 - INFO - Analysis Time: Analysis Time: 381.6ms
2025-04-24 20:58:14,289 - INFO - ==================================================
2025-04-24 20:58:14,293 - INFO - Reading graph from .\data\G_100_200.txt
2025-04-24 20:58:14,293 - INFO - Reading graph from .\data\G_100_200.txt
2025-04-24 20:58:14,688 - INFO - Read Graph Time: 396.0ms
2025-04-24 20:58:15,324 - INFO - Parsing Time: 1032.2ms
2025-04-24 20:58:15,703 - INFO - Total Weight: 27550.51488
2025-04-24 20:58:15,703 - INFO - Analysis Time: Analysis Time: 377.5ms
2025-04-24 21:08:50,889 - INFO - ====================================================================================================
2025-04-24 21:08:50,892 - INFO - Building graph from .\data\Graph1.txt
2025-04-24 21:08:50,893 - INFO - Build Time: 0.7ms
2025-04-24 21:08:50,893 - INFO - Saving graph to .\data\Graph1.pkl
2025-04-24 21:08:50,894 - INFO - Parsing Time: 1.9ms
2025-04-24 21:08:50,894 - INFO - CONNECTED COMPONENTS
2025-04-24 21:08:50,895 - INFO - Component count: 2
2025-04-24 21:10:01,331 - INFO - ====================================================================================================
2025-04-24 21:10:01,336 - INFO - Building graph from .\data\Graph1.txt
2025-04-24 21:10:01,337 - INFO - Build Time: 0.6ms
2025-04-24 21:10:01,337 - INFO - Saving graph to .\data\Graph1.pkl
2025-04-24 21:10:01,338 - INFO - Parsing Time: 1.8ms
2025-04-24 21:10:01,338 - INFO - Finding connected components using BFS
2025-04-24 21:10:01,338 - INFO - Component count: 2
2025-04-24 21:10:30,806 - INFO - ====================================================================================================
2025-04-24 21:10:30,809 - INFO - Building graph from .\data\Graph1.txt
2025-04-24 21:10:30,809 - INFO - Build Time: 0.6ms
2025-04-24 21:10:30,810 - INFO - Saving graph to .\data\Graph1.pkl
2025-04-24 21:10:30,810 - INFO - Parsing Time: 1.5ms
2025-04-24 21:10:30,811 - INFO - Running BFS
2025-04-24 21:10:30,811 - INFO - Component count: 2
2025-04-24 21:10:39,777 - INFO - ====================================================================================================
2025-04-24 21:10:39,780 - INFO - Building graph from .\data\Graph1.txt
2025-04-24 21:10:39,781 - INFO - Build Time: 0.5ms
2025-04-24 21:10:39,781 - INFO - Saving graph to .\data\Graph1.pkl
2025-04-24 21:10:39,782 - INFO - Parsing Time: 1.4ms
2025-04-24 21:10:39,782 - INFO - Running BFS...
2025-04-24 21:10:39,782 - INFO - Component count: 2
2025-04-24 21:11:11,705 - INFO - ====================================================================================================
2025-04-24 21:11:11,708 - INFO - Building graph from .\data\Graph1.txt
2025-04-24 21:11:11,709 - INFO - Build Time: 0.6ms
2025-04-24 21:11:11,709 - INFO - Saving graph to .\data\Graph1.pkl
2025-04-24 21:11:11,710 - INFO - Parsing Time: 1.5ms
2025-04-24 21:11:11,710 - INFO - Running COMPONENT COUNT using BFS...
2025-04-24 21:11:11,710 - INFO - Component count: 2
2025-04-24 21:12:29,878 - INFO - ====================================================================================================
2025-04-24 21:12:29,881 - INFO - Building graph from .\data\Graph1.txt
2025-04-24 21:12:29,882 - INFO - Build Time: 0.6ms
2025-04-24 21:12:29,882 - INFO - Saving graph to .\data\Graph1.pkl
2025-04-24 21:12:29,883 - INFO - Parsing Time: 1.8ms
2025-04-24 21:12:29,883 - INFO - Running COMPONENT COUNT using BFS ...
2025-04-24 21:13:07,814 - INFO - ====================================================================================================
2025-04-24 21:13:07,817 - INFO - Building graph from .\data\Graph1.txt
2025-04-24 21:13:07,818 - INFO - Build Time: 0.6ms
2025-04-24 21:13:07,818 - INFO - Saving graph to .\data\Graph1.pkl
2025-04-24 21:13:07,819 - INFO - Parsing Time: 1.6ms
2025-04-24 21:13:07,819 - INFO - Running COMPONENT COUNT using BFS ...
2025-04-24 21:13:33,338 - INFO - ====================================================================================================
2025-04-24 21:13:33,341 - INFO - Building graph from .\data\G_100_200.txt
2025-04-24 21:13:33,722 - INFO - Build Time: 381.6ms
2025-04-24 21:13:33,973 - INFO - Saving graph to .\data\G_100_200.pkl
2025-04-24 21:13:34,259 - INFO - Parsing Time: 917.9ms
2025-04-24 21:13:34,613 - INFO - Total Weight: 27550.51488
2025-04-24 21:13:34,613 - INFO - Analysis Time: Analysis Time: 353.3ms
2025-04-24 21:13:49,966 - INFO - ====================================================================================================
2025-04-24 21:13:49,969 - INFO - Building graph from .\data\G_100_200.txt
2025-04-24 21:13:50,338 - INFO - Build Time: 368.5ms
2025-04-24 21:13:50,591 - INFO - Saving graph to .\data\G_100_200.pkl
2025-04-24 21:13:50,869 - INFO - Parsing Time: 899.6ms
2025-04-24 21:13:51,218 - INFO - Total Weight: 27550.51488
2025-04-24 21:13:51,218 - INFO - Analysis Time: Analysis Time: 347.7ms
2025-04-24 21:13:52,739 - INFO - ====================================================================================================
2025-04-24 21:13:52,742 - INFO - Building graph from .\data\Graph1.txt
2025-04-24 21:13:52,743 - INFO - Build Time: 0.6ms
2025-04-24 21:13:52,743 - INFO - Saving graph to .\data\Graph1.pkl
2025-04-24 21:13:52,744 - INFO - Parsing Time: 1.8ms
2025-04-24 21:13:52,744 - INFO - Running COMPONENT COUNT using BFS ...
2025-04-24 21:13:52,744 - INFO - Analysis Time: 0.1ms
2025-04-24 21:13:52,745 - INFO - Component count: 2
2025-04-24 21:14:40,995 - INFO - ====================================================================================================
2025-04-24 21:14:40,998 - INFO - Building graph from .\data\Graph_ganzganzgross.txt
2025-04-24 21:14:48,831 - INFO - Build Time: 7832.3ms
2025-04-24 21:14:55,167 - INFO - Saving graph to .\data\Graph_ganzganzgross.pkl
2025-04-24 21:15:01,339 - INFO - Parsing Time: 20341.0ms
2025-04-24 21:15:01,340 - INFO - Running COMPONENT COUNT using BFS ...
2025-04-24 21:15:05,228 - INFO - Analysis Time: 3888.2ms
2025-04-24 21:15:05,229 - INFO - Component count: 306
2025-04-24 21:15:09,480 - INFO - ====================================================================================================
2025-04-24 21:15:09,484 - INFO - Building graph from .\data\Graph_ganzganzgross.txt
2025-04-24 21:15:17,008 - INFO - Build Time: 7525.3ms
2025-04-24 21:15:23,297 - INFO - Saving graph to .\data\Graph_ganzganzgross.pkl
2025-04-24 21:15:29,503 - INFO - Parsing Time: 20018.8ms
2025-04-24 21:15:29,503 - INFO - Running COMPONENT COUNT using BFS ...
2025-04-24 21:15:33,468 - INFO - Analysis Time: 3964.9ms
2025-04-24 21:15:33,468 - INFO - Component count: 306
2025-04-24 21:18:01,677 - INFO - ====================================================================================================
2025-04-24 21:18:01,681 - INFO - Building graph from .\data\Graph_ganzganzgross.txt
2025-04-24 21:18:09,705 - INFO - Build Time: 8025.2ms
2025-04-24 21:18:16,526 - INFO - Saving graph to .\data\Graph_ganzganzgross.pkl
2025-04-24 21:18:23,121 - INFO - Parsing Time: 21440.3ms
2025-04-24 21:18:23,121 - INFO - Running COMPONENT COUNT using BFS ...
2025-04-24 21:18:27,209 - INFO - Analysis Time: 4087.4ms
2025-04-24 21:18:27,210 - INFO - Component count: 306
2025-04-24 21:19:33,940 - INFO - ====================================================================================================
2025-04-24 21:19:33,944 - INFO - Loading graph from .\data\Graph_ganzganzgross.pkl
2025-04-24 21:19:37,983 - INFO - Parsing Time: 4038.3ms
2025-04-24 21:19:37,983 - INFO - Running COMPONENT COUNT using BFS ...
2025-04-24 21:19:41,842 - INFO - Analysis Time: 3858.5ms
2025-04-24 21:19:41,842 - INFO - Component count: 306
2025-04-24 21:19:55,348 - INFO - ====================================================================================================
2025-04-24 21:19:55,351 - INFO - Loading graph from .\data\Graph_ganzganzgross.pkl
2025-04-24 21:19:59,402 - INFO - Parsing Time: 4051.4ms
2025-04-24 21:19:59,403 - INFO - Running COMPONENT COUNT using BFS ...
2025-04-24 21:19:59,592 - INFO - Analysis Time: 188.8ms
2025-04-24 21:19:59,592 - INFO - Component count: 1000000
2025-04-24 21:20:51,916 - INFO - ====================================================================================================
2025-04-24 21:20:51,920 - INFO - Loading graph from .\data\Graph_ganzganzgross.pkl
2025-04-24 21:20:55,905 - INFO - Parsing Time: 3985.8ms
2025-04-24 21:20:55,906 - INFO - Running COMPONENT COUNT using BFS ...
2025-04-24 21:21:33,758 - INFO - ====================================================================================================
2025-04-24 21:21:33,761 - INFO - Loading graph from .\data\Graph_ganzganzgross.pkl
2025-04-24 21:21:37,741 - INFO - Parsing Time: 3979.3ms
2025-04-24 21:21:37,741 - INFO - Running COMPONENT COUNT using BFS ...
2025-04-24 21:21:46,496 - INFO - ====================================================================================================
2025-04-24 21:21:46,500 - INFO - Loading graph from .\data\Graph_ganzganzgross.pkl
2025-04-24 21:21:50,492 - INFO - Parsing Time: 3992.0ms
2025-04-24 21:21:50,492 - INFO - Running COMPONENT COUNT using BFS ...
2025-04-24 21:21:52,372 - INFO - Analysis Time: 1879.7ms
2025-04-24 21:21:52,372 - INFO - Component count: 306
2025-04-24 21:21:55,342 - INFO - ====================================================================================================
2025-04-24 21:21:55,345 - INFO - Loading graph from .\data\Graph_ganzganzgross.pkl
2025-04-24 21:21:59,419 - INFO - Parsing Time: 4073.9ms
2025-04-24 21:21:59,419 - INFO - Running COMPONENT COUNT using BFS ...
2025-04-24 21:22:01,432 - INFO - Analysis Time: 2012.5ms
2025-04-24 21:22:01,432 - INFO - Component count: 306
2025-04-24 21:22:04,556 - INFO - ====================================================================================================
2025-04-24 21:22:04,560 - INFO - Loading graph from .\data\Graph_ganzganzgross.pkl
2025-04-24 21:22:08,608 - INFO - Parsing Time: 4048.8ms
2025-04-24 21:22:08,608 - INFO - Running COMPONENT COUNT using BFS ...
2025-04-24 21:22:10,547 - INFO - Analysis Time: 1938.3ms
2025-04-24 21:22:10,548 - INFO - Component count: 306
2025-04-24 21:22:19,189 - INFO - ====================================================================================================
2025-04-24 21:22:19,192 - INFO - Loading graph from .\data\Graph_ganzganzgross.pkl
2025-04-24 21:22:23,173 - INFO - Parsing Time: 3980.4ms
2025-04-24 21:22:23,173 - INFO - Running COMPONENT COUNT using BFS ...
2025-04-24 21:22:27,201 - INFO - Analysis Time: 4028.3ms
2025-04-24 21:22:27,202 - INFO - Component count: 306
2025-04-24 21:22:37,545 - INFO - ====================================================================================================
2025-04-24 21:22:37,548 - INFO - Loading graph from .\data\Graph_ganzganzgross.pkl
2025-04-24 21:22:41,511 - INFO - Parsing Time: 3963.3ms
2025-04-24 21:22:41,512 - INFO - Running COMPONENT COUNT using BFS ...
2025-04-24 21:22:45,378 - INFO - Analysis Time: 3865.7ms
2025-04-24 21:22:45,378 - INFO - Component count: 306
2025-04-24 21:25:30,030 - INFO - ====================================================================================================
2025-04-24 21:25:30,033 - INFO - Loading graph from .\data\Graph_ganzganzgross.pkl
2025-04-24 21:25:34,045 - INFO - Parsing Time: 4011.8ms
2025-04-24 21:25:34,046 - INFO - Running COMPONENT COUNT using BFS ...
2025-04-24 21:27:02,905 - INFO - ====================================================================================================
2025-04-24 21:27:02,908 - INFO - Loading graph from .\data\Graph_ganzganzgross.pkl
2025-04-24 21:27:07,001 - INFO - Parsing Time: 4092.7ms
2025-04-24 21:27:07,001 - INFO - Running COMPONENT COUNT using BFS ...
2025-04-24 21:27:08,918 - INFO - Analysis Time: 1916.8ms
2025-04-24 21:27:08,919 - INFO - Component count: 306
2025-04-24 21:29:32,709 - INFO - ====================================================================================================
2025-04-24 21:29:32,713 - INFO - Loading graph from .\data\Graph_ganzganzgross.pkl
2025-04-24 21:29:36,751 - INFO - Parsing Time: 4038.2ms
2025-04-24 21:29:36,751 - INFO - Running COMPONENT COUNT using BFS ...
2025-04-24 21:29:38,790 - INFO - Analysis Time: 2037.9ms
2025-04-24 21:29:38,790 - INFO - Component count: 306
2025-04-24 21:29:41,945 - INFO - ====================================================================================================
2025-04-24 21:29:41,949 - INFO - Loading graph from .\data\Graph_ganzganzgross.pkl
2025-04-24 21:29:45,964 - INFO - Parsing Time: 4014.9ms
2025-04-24 21:29:45,965 - INFO - Running COMPONENT COUNT using BFS ...
2025-04-24 21:29:47,856 - INFO - Analysis Time: 1891.4ms
2025-04-24 21:29:47,857 - INFO - Component count: 306
2025-04-24 21:30:01,694 - INFO - ====================================================================================================
2025-04-24 21:30:01,698 - INFO - Loading graph from .\data\Graph_ganzganzgross.pkl
2025-04-24 21:30:05,731 - INFO - Parsing Time: 4032.4ms
2025-04-24 21:30:05,731 - INFO - Running COMPONENT COUNT using BFS ...
2025-04-24 21:30:07,800 - INFO - Analysis Time: 2069.9ms
2025-04-24 21:30:07,801 - INFO - Component count: 306
2025-04-24 21:30:13,102 - INFO - ====================================================================================================
2025-04-24 21:30:13,105 - INFO - Loading graph from .\data\Graph_ganzganzgross.pkl
2025-04-24 21:30:17,139 - INFO - Parsing Time: 4032.8ms
2025-04-24 21:30:17,139 - INFO - Running COMPONENT COUNT using BFS ...
2025-04-24 21:30:19,089 - INFO - Analysis Time: 1949.5ms
2025-04-24 21:30:19,089 - INFO - Component count: 306
2025-04-24 21:30:42,379 - INFO - ====================================================================================================
2025-04-24 21:30:42,383 - INFO - Loading graph from .\data\Graph_ganzganzgross.pkl
2025-04-24 21:30:46,446 - INFO - Parsing Time: 4063.2ms
2025-04-24 21:30:46,446 - INFO - Running COMPONENT COUNT using BFS ...
2025-04-24 21:30:48,398 - INFO - Analysis Time: 1952.0ms
2025-04-24 21:30:48,399 - INFO - Component count: 306
2025-04-24 21:30:52,782 - INFO - ====================================================================================================
2025-04-24 21:30:52,785 - INFO - Loading graph from .\data\Graph_ganzganzgross.pkl
2025-04-24 21:30:56,825 - INFO - Parsing Time: 4040.8ms
2025-04-24 21:30:56,826 - INFO - Running COMPONENT COUNT using DFS ...
2025-04-24 21:30:58,679 - INFO - Analysis Time: 1852.6ms
2025-04-24 21:30:58,680 - INFO - Component count: 306
2025-04-24 21:32:21,045 - INFO - ====================================================================================================
2025-04-24 21:32:21,049 - INFO - Loading graph from .\data\Graph_ganzganzgross.pkl
2025-04-24 21:32:25,045 - INFO - Loading Time: 3995.9ms
2025-04-24 21:32:25,045 - INFO - Running COMPONENT COUNT using DFS ...
2025-04-24 21:32:26,987 - INFO - Analysis Time: 1940.9ms
2025-04-24 21:32:26,987 - INFO - Component count: 306
2025-04-24 21:32:36,477 - INFO - ====================================================================================================
2025-04-24 21:32:36,480 - INFO - Loading graph from .\data\G_100_200.pkl
2025-04-24 21:32:36,717 - INFO - Loading Time: 236.7ms
2025-04-24 21:32:37,058 - INFO - Total Weight: 27550.51488
2025-04-24 21:32:37,058 - INFO - Analysis Time: Analysis Time: 339.6ms
2025-04-24 21:34:15,797 - INFO - ====================================================================================================
2025-04-24 21:34:15,800 - INFO - Loading graph from .\data\G_100_200.pkl
2025-04-24 21:34:16,022 - INFO - Loading Time: 221.6ms
2025-04-24 21:34:16,394 - INFO - Analysis Time: Analysis Time: 371.5ms
2025-04-24 21:34:16,394 - INFO - Total Weight: 27550.51488
2025-04-24 21:34:46,064 - INFO - ====================================================================================================
2025-04-24 21:34:46,067 - INFO - Loading graph from .\data\G_100_200.pkl
2025-04-24 21:34:46,296 - INFO - Loading Time: 228.2ms
2025-04-24 21:34:46,637 - INFO - Total Weight: 27550.51488
2025-04-24 21:36:24,551 - INFO - ====================================================================================================
2025-04-24 21:36:24,554 - INFO - Loading graph from .\data\G_100_200.pkl
2025-04-24 21:36:24,782 - INFO - Loading Time: 227.4ms
2025-04-24 21:36:40,181 - INFO - ====================================================================================================
2025-04-24 21:36:40,184 - INFO - Loading graph from .\data\G_100_200.pkl
2025-04-24 21:36:40,414 - INFO - Loading Time: 229.6ms
2025-04-24 21:36:40,755 - INFO - Total Weight: 27550.51488
2025-04-24 21:36:44,187 - INFO - ====================================================================================================
2025-04-24 21:36:44,191 - INFO - Loading graph from .\data\Graph_ganzganzgross.pkl
2025-04-24 21:36:48,225 - INFO - Loading Time: 4034.0ms
2025-04-24 21:36:48,225 - INFO - Running COMPONENT COUNT using BFS ...
2025-04-24 21:38:55,928 - INFO - ====================================================================================================
2025-04-24 21:38:55,931 - INFO - Loading graph from .\data\Graph_ganzganzgross.pkl
2025-04-24 21:39:00,153 - INFO - Loading Time: 4221.6ms
2025-04-24 21:39:00,153 - INFO - Running COMPONENT COUNT using BFS ...
2025-04-24 21:39:54,191 - INFO - ====================================================================================================
2025-04-24 21:39:54,194 - INFO - Loading graph from .\data\Graph_ganzganzgross.pkl
2025-04-24 21:39:58,178 - INFO - Loading Time: 3982.8ms
2025-04-24 21:39:58,178 - INFO - Running COMPONENT COUNT using BFS ...
2025-04-24 21:40:01,889 - INFO - Analysis Time: 3710.9ms
2025-04-24 21:40:01,890 - INFO - Component count: 306
2025-04-24 21:44:33,229 - INFO - ====================================================================================================
2025-04-24 21:44:33,233 - INFO - Loading graph from .\data\Graph_ganzganzgross.pkl
2025-04-24 21:44:37,210 - INFO - Loading Time: 3976.6ms
2025-04-24 21:44:37,210 - INFO - Running COMPONENT COUNT using BFS ...
2025-04-24 21:45:11,884 - INFO - ====================================================================================================
2025-04-24 21:45:11,887 - INFO - Loading graph from .\data\Graph_ganzganzgross.pkl
2025-04-24 21:45:15,919 - INFO - Loading Time: 4031.4ms
2025-04-24 21:45:15,919 - INFO - Running COMPONENT COUNT using BFS ...
2025-04-24 21:45:18,062 - INFO - Analysis Time: 2142.2ms
2025-04-24 21:45:18,063 - INFO - Component count: 306
2025-04-24 21:46:06,761 - INFO - ====================================================================================================
2025-04-24 21:46:06,764 - INFO - Loading graph from .\data\Graph_ganzganzgross.pkl
2025-04-24 21:46:10,759 - INFO - Loading Time: 3994.7ms
2025-04-24 21:46:10,759 - INFO - Running COMPONENT COUNT using BFS ...
2025-04-24 21:46:12,414 - INFO - Analysis Time: 1654.8ms
2025-04-24 21:46:12,415 - INFO - Component count: 306
2025-04-24 21:46:34,279 - INFO - ====================================================================================================
2025-04-24 21:46:34,282 - INFO - Loading graph from .\data\Graph_ganzganzgross.pkl
2025-04-24 21:46:38,318 - INFO - Loading Time: 4034.9ms
2025-04-24 21:46:38,318 - INFO - Running COMPONENT COUNT using BFS ...
2025-04-24 21:46:40,020 - INFO - Analysis Time: 1702.3ms
2025-04-24 21:46:40,021 - INFO - Component count: 306
2025-04-24 21:47:22,510 - INFO - ====================================================================================================
2025-04-24 21:47:22,513 - INFO - Loading graph from .\data\Graph_ganzganzgross.pkl
2025-04-24 21:47:26,499 - INFO - Loading Time: 3985.4ms
2025-04-24 21:47:26,499 - INFO - Running COMPONENT COUNT using DFS ...
2025-04-24 21:47:28,151 - INFO - Analysis Time: 1651.4ms
2025-04-24 21:47:28,152 - INFO - Component count: 306
2025-04-24 21:54:18,751 - INFO - ====================================================================================================
2025-04-24 22:02:03,844 - INFO - ====================================================================================================
2025-04-24 22:02:03,847 - INFO - Loading graph from .\data\Graph_ganzganzgross.pkl
2025-04-24 22:02:07,994 - INFO - Loading Time: 4147.5ms
2025-04-24 22:02:07,994 - INFO - Running COMPONENT COUNT using DFS ...
2025-04-24 22:02:09,754 - INFO - Analysis Time: 1759.3ms
2025-04-24 22:02:09,755 - INFO - Component count: 306
2025-04-24 22:02:14,017 - INFO - ====================================================================================================
2025-04-24 22:02:14,020 - INFO - Loading graph from .\data\G_100_200.pkl
2025-04-24 22:02:14,251 - INFO - Loading Time: 231.1ms
2025-04-24 22:02:14,628 - INFO - Total Weight: 27550.51488
2025-04-24 22:03:31,900 - INFO - ====================================================================================================
2025-04-24 22:03:31,905 - INFO - Loading graph from .\data\G_100_200.pkl
2025-04-24 22:03:32,163 - INFO - Loading Time: 258.4ms
2025-04-24 22:03:32,493 - INFO - Total Weight: 27550.51488
